2025-09-16 15:30:42.267 +05:45  INF  User profile is available. Using 'C:\Users\ASUS\AppData\Local\ASP.NET\DataProtection-Keys' as key repository and Windows DPAPI to encrypt keys at rest.
2025-09-16 15:30:42.476 +05:45  INF  Now listening on: https://localhost:7189
2025-09-16 15:30:42.478 +05:45  INF  Now listening on: http://localhost:5227
2025-09-16 15:30:42.558 +05:45  INF  Application started. Press Ctrl+C to shut down.
2025-09-16 15:30:42.558 +05:45  INF  Hosting environment: Development
2025-09-16 15:30:42.558 +05:45  INF  Content root path: C:\Users\ASUS\Desktop\HRMS\HRMSmvc
2025-09-16 15:30:43.280 +05:45  INF  Request starting HTTP/2 GET https://localhost:7189/ - null null
2025-09-16 15:30:43.438 +05:45  INF  Cookies was not authenticated. Failure message: Ticket expired
2025-09-16 15:30:43.442 +05:45  INF  Executing endpoint 'HRMSmvc.Controllers.AuthController.Login (HRMSmvc)'
2025-09-16 15:30:43.478 +05:45  INF  Route matched with {action = "Login", controller = "Auth", area = ""}. Executing controller action with signature Microsoft.AspNetCore.Mvc.IActionResult Login() on controller HRMSmvc.Controllers.AuthController (HRMSmvc).
2025-09-16 15:30:43.492 +05:45  INF  Executing ViewResult, running view login.
2025-09-16 15:30:43.606 +05:45  INF  Executed ViewResult - view login executed in 116.2654ms.
2025-09-16 15:30:43.616 +05:45  INF  Executed action HRMSmvc.Controllers.AuthController.Login (HRMSmvc) in 136.5382ms
2025-09-16 15:30:43.616 +05:45  INF  Executed endpoint 'HRMSmvc.Controllers.AuthController.Login (HRMSmvc)'
2025-09-16 15:30:43.623 +05:45  INF  Request finished HTTP/2 GET https://localhost:7189/ - 200 null text/html; charset=utf-8 345.821ms
2025-09-16 15:30:43.628 +05:45  INF  Request starting HTTP/2 GET https://localhost:7189/_framework/aspnetcore-browser-refresh.js - null null
2025-09-16 15:30:43.634 +05:45  INF  Request finished HTTP/2 GET https://localhost:7189/_framework/aspnetcore-browser-refresh.js - 200 16499 application/javascript; charset=utf-8 6.0322ms
2025-09-16 15:30:43.634 +05:45  INF  Request starting HTTP/2 GET https://localhost:7189/js/main.js - null null
2025-09-16 15:30:43.642 +05:45  INF  The file /js/main.js was not modified
2025-09-16 15:30:43.643 +05:45  INF  Request finished HTTP/2 GET https://localhost:7189/js/main.js - 304 null text/javascript 8.129ms
2025-09-16 15:30:43.658 +05:45  INF  Request starting HTTP/2 GET https://localhost:7189/_vs/browserLink - null null
2025-09-16 15:30:43.693 +05:45  INF  Request finished HTTP/2 GET https://localhost:7189/_vs/browserLink - 200 null text/javascript; charset=UTF-8 35.4301ms
2025-09-16 15:31:12.824 +05:45  INF  Request starting HTTP/2 POST https://localhost:7189/ - application/x-www-form-urlencoded; charset=UTF-8 222
2025-09-16 15:31:12.828 +05:45  INF  Cookies was not authenticated. Failure message: Ticket expired
2025-09-16 15:31:12.828 +05:45  INF  Executing endpoint 'HRMSmvc.Controllers.AuthController.LoginAsync (HRMSmvc)'
2025-09-16 15:31:12.841 +05:45  INF  Route matched with {action = "Login", controller = "Auth", area = ""}. Executing controller action with signature System.Threading.Tasks.Task`1[Microsoft.AspNetCore.Mvc.IActionResult] LoginAsync(Domain.DTO.LoginDTO) on controller HRMSmvc.Controllers.AuthController (HRMSmvc).
2025-09-16 15:31:14.914 +05:45  INF  AuthenticationScheme: Cookies signed in.
2025-09-16 15:31:14.917 +05:45  INF  Executing JsonResult, writing value of type 'Domain.Models.ApiResponse`1[[Domain.DTO.LoginResponseDto, Domain, Version=1.0.0.0, Culture=neutral, PublicKeyToken=null]]'.
2025-09-16 15:31:14.920 +05:45  INF  Executed action HRMSmvc.Controllers.AuthController.LoginAsync (HRMSmvc) in 2078.9406ms
2025-09-16 15:31:14.920 +05:45  INF  Executed endpoint 'HRMSmvc.Controllers.AuthController.LoginAsync (HRMSmvc)'
2025-09-16 15:31:14.921 +05:45  INF  Request finished HTTP/2 POST https://localhost:7189/ - 200 null application/json; charset=utf-8 2096.1784ms
2025-09-16 15:31:15.978 +05:45  INF  Request starting HTTP/2 GET https://localhost:7189/Client - null null
2025-09-16 15:31:15.988 +05:45  INF  Executing endpoint 'HRMSmvc.Areas.Client.Controllers.DashboardController.UserIndex (HRMSmvc)'
2025-09-16 15:31:15.994 +05:45  INF  Route matched with {area = "Client", action = "UserIndex", controller = "Dashboard"}. Executing controller action with signature System.Threading.Tasks.Task`1[Microsoft.AspNetCore.Mvc.IActionResult] UserIndex() on controller HRMSmvc.Areas.Client.Controllers.DashboardController (HRMSmvc).
2025-09-16 15:31:16.283 +05:45  INF  Executing ViewResult, running view UserIndex.
2025-09-16 15:31:16.337 +05:45  INF  Executed ViewResult - view UserIndex executed in 51.1597ms.
2025-09-16 15:31:16.342 +05:45  INF  Executed action HRMSmvc.Areas.Client.Controllers.DashboardController.UserIndex (HRMSmvc) in 347.3994ms
2025-09-16 15:31:16.342 +05:45  INF  Executed endpoint 'HRMSmvc.Areas.Client.Controllers.DashboardController.UserIndex (HRMSmvc)'
2025-09-16 15:31:16.342 +05:45  INF  Request finished HTTP/2 GET https://localhost:7189/Client - 200 null text/html; charset=utf-8 364.2044ms
2025-09-16 15:31:16.358 +05:45  INF  Request starting HTTP/2 GET https://localhost:7189/js/userindex.js - null null
2025-09-16 15:31:16.359 +05:45  INF  The file /js/userindex.js was not modified
2025-09-16 15:31:16.359 +05:45  INF  Request finished HTTP/2 GET https://localhost:7189/js/userindex.js - 304 null text/javascript 0.6635ms
2025-09-16 15:31:16.407 +05:45  INF  Request starting HTTP/2 GET https://localhost:7189/vendor/fonts/bootstrap-icons.woff2?dd67030699838ea613ee6dbda90effa6 - null null
2025-09-16 15:31:16.409 +05:45  INF  Request finished HTTP/2 GET https://localhost:7189/vendor/fonts/bootstrap-icons.woff2?dd67030699838ea613ee6dbda90effa6 - 404 0 null 2.4763ms
2025-09-16 15:31:16.410 +05:45  INF  Request reached the end of the middleware pipeline without being handled by application code. Request path: GET https://localhost:7189/vendor/fonts/bootstrap-icons.woff2, Response status code: 404
2025-09-16 15:31:16.411 +05:45  INF  Request starting HTTP/2 GET https://localhost:7189/_vs/browserLink - null null
2025-09-16 15:31:16.411 +05:45  INF  Request starting HTTP/2 GET https://localhost:7189/_framework/aspnetcore-browser-refresh.js - null null
2025-09-16 15:31:16.412 +05:45  INF  Request finished HTTP/2 GET https://localhost:7189/_framework/aspnetcore-browser-refresh.js - 200 16499 application/javascript; charset=utf-8 1.1668ms
2025-09-16 15:31:16.426 +05:45  INF  Request starting HTTP/2 GET https://localhost:7189/vendor/fonts/bootstrap-icons.woff?dd67030699838ea613ee6dbda90effa6 - null null
2025-09-16 15:31:16.427 +05:45  INF  Request finished HTTP/2 GET https://localhost:7189/vendor/fonts/bootstrap-icons.woff?dd67030699838ea613ee6dbda90effa6 - 404 0 null 1.1112ms
2025-09-16 15:31:16.427 +05:45  INF  Request reached the end of the middleware pipeline without being handled by application code. Request path: GET https://localhost:7189/vendor/fonts/bootstrap-icons.woff, Response status code: 404
2025-09-16 15:31:16.456 +05:45  INF  Request finished HTTP/2 GET https://localhost:7189/_vs/browserLink - 200 null text/javascript; charset=UTF-8 45.2532ms
2025-09-16 15:33:40.510 +05:45  INF  Request starting HTTP/2 POST https://localhost:7189/client/Dashboard/DeletePhoto - application/x-www-form-urlencoded; charset=UTF-8 39
2025-09-16 15:33:40.555 +05:45  INF  Executing endpoint 'HRMSmvc.Areas.Client.Controllers.DashboardController.DeletePhoto (HRMSmvc)'
2025-09-16 15:33:40.571 +05:45  INF  Route matched with {area = "Client", action = "DeletePhoto", controller = "Dashboard"}. Executing controller action with signature System.Threading.Tasks.Task`1[Microsoft.AspNetCore.Mvc.IActionResult] DeletePhoto(System.String) on controller HRMSmvc.Areas.Client.Controllers.DashboardController (HRMSmvc).
2025-09-16 15:33:41.266 +05:45  INF  Executing JsonResult, writing value of type 'Domain.Models.ApiResponse`1[[Domain.DTO.UserDTO, Domain, Version=1.0.0.0, Culture=neutral, PublicKeyToken=null]]'.
2025-09-16 15:33:41.278 +05:45  INF  Executed action HRMSmvc.Areas.Client.Controllers.DashboardController.DeletePhoto (HRMSmvc) in 706.6864ms
2025-09-16 15:33:41.278 +05:45  INF  Executed endpoint 'HRMSmvc.Areas.Client.Controllers.DashboardController.DeletePhoto (HRMSmvc)'
2025-09-16 15:33:41.279 +05:45  INF  Request finished HTTP/2 POST https://localhost:7189/client/Dashboard/DeletePhoto - 200 null application/json; charset=utf-8 769.6046ms
2025-09-16 16:23:46.350 +05:45  INF  User profile is available. Using 'C:\Users\ASUS\AppData\Local\ASP.NET\DataProtection-Keys' as key repository and Windows DPAPI to encrypt keys at rest.
2025-09-16 16:23:46.514 +05:45  INF  Now listening on: https://localhost:7189
2025-09-16 16:23:46.516 +05:45  INF  Now listening on: http://localhost:5227
2025-09-16 16:23:46.571 +05:45  INF  Application started. Press Ctrl+C to shut down.
2025-09-16 16:23:46.571 +05:45  INF  Hosting environment: Development
2025-09-16 16:23:46.571 +05:45  INF  Content root path: C:\Users\ASUS\Desktop\HRMS\HRMSmvc
2025-09-16 16:23:49.351 +05:45  INF  Request starting HTTP/2 GET https://localhost:7189/ - null null
2025-09-16 16:23:49.729 +05:45  INF  Cookies was not authenticated. Failure message: Ticket expired
2025-09-16 16:23:49.736 +05:45  INF  Executing endpoint 'HRMSmvc.Controllers.AuthController.Login (HRMSmvc)'
2025-09-16 16:23:49.814 +05:45  INF  Route matched with {action = "Login", controller = "Auth", area = ""}. Executing controller action with signature Microsoft.AspNetCore.Mvc.IActionResult Login() on controller HRMSmvc.Controllers.AuthController (HRMSmvc).
2025-09-16 16:23:49.849 +05:45  INF  Executing ViewResult, running view login.
2025-09-16 16:23:50.096 +05:45  INF  Executed ViewResult - view login executed in 260.7514ms.
2025-09-16 16:23:50.104 +05:45  INF  Executed action HRMSmvc.Controllers.AuthController.Login (HRMSmvc) in 288.6312ms
2025-09-16 16:23:50.105 +05:45  INF  Executed endpoint 'HRMSmvc.Controllers.AuthController.Login (HRMSmvc)'
2025-09-16 16:23:50.113 +05:45  INF  Request finished HTTP/2 GET https://localhost:7189/ - 200 null text/html; charset=utf-8 764.9529ms
2025-09-16 16:23:50.186 +05:45  INF  Request starting HTTP/2 GET https://localhost:7189/_framework/aspnetcore-browser-refresh.js - null null
2025-09-16 16:23:50.191 +05:45  INF  Request finished HTTP/2 GET https://localhost:7189/_framework/aspnetcore-browser-refresh.js - 200 16499 application/javascript; charset=utf-8 4.9988ms
2025-09-16 16:23:50.195 +05:45  INF  Request starting HTTP/2 GET https://localhost:7189/_vs/browserLink - null null
2025-09-16 16:23:50.250 +05:45  INF  Request finished HTTP/2 GET https://localhost:7189/_vs/browserLink - 200 null text/javascript; charset=UTF-8 54.8431ms
2025-09-16 16:24:30.584 +05:45  INF  Request starting HTTP/2 GET https://localhost:7189/Auth/Register - null null
2025-09-16 16:24:30.634 +05:45  INF  Cookies was not authenticated. Failure message: Ticket expired
2025-09-16 16:24:30.634 +05:45  INF  Executing endpoint 'HRMSmvc.Controllers.AuthController.Register (HRMSmvc)'
2025-09-16 16:24:30.638 +05:45  INF  Route matched with {action = "Register", controller = "Auth", area = ""}. Executing controller action with signature Microsoft.AspNetCore.Mvc.IActionResult Register() on controller HRMSmvc.Controllers.AuthController (HRMSmvc).
2025-09-16 16:24:30.638 +05:45  INF  Executing ViewResult, running view register.
2025-09-16 16:24:30.665 +05:45  INF  Executed ViewResult - view register executed in 27.1552ms.
2025-09-16 16:24:30.666 +05:45  INF  Executed action HRMSmvc.Controllers.AuthController.Register (HRMSmvc) in 27.8982ms
2025-09-16 16:24:30.666 +05:45  INF  Executed endpoint 'HRMSmvc.Controllers.AuthController.Register (HRMSmvc)'
2025-09-16 16:24:30.666 +05:45  INF  Request finished HTTP/2 GET https://localhost:7189/Auth/Register - 200 null text/html; charset=utf-8 83.0716ms
2025-09-16 16:24:30.690 +05:45  INF  Request starting HTTP/2 GET https://localhost:7189/_vs/browserLink - null null
2025-09-16 16:24:30.696 +05:45  INF  Request starting HTTP/2 GET https://localhost:7189/_framework/aspnetcore-browser-refresh.js - null null
2025-09-16 16:24:30.701 +05:45  INF  Request finished HTTP/2 GET https://localhost:7189/_framework/aspnetcore-browser-refresh.js - 200 16499 application/javascript; charset=utf-8 5.3235ms
2025-09-16 16:24:30.750 +05:45  INF  Request finished HTTP/2 GET https://localhost:7189/_vs/browserLink - 200 null text/javascript; charset=UTF-8 59.8528ms
2025-09-16 16:25:13.413 +05:45  INF  Request starting HTTP/2 POST https://localhost:7189/Auth/Register - multipart/form-data; boundary=----WebKitFormBoundaryz5SVPDGHQtSGW6hE 8519
2025-09-16 16:25:13.433 +05:45  INF  Cookies was not authenticated. Failure message: Ticket expired
2025-09-16 16:25:13.434 +05:45  INF  Executing endpoint 'HRMSmvc.Controllers.AuthController.RegisterAsync (HRMSmvc)'
2025-09-16 16:25:13.473 +05:45  INF  Route matched with {action = "Register", controller = "Auth", area = ""}. Executing controller action with signature System.Threading.Tasks.Task`1[Microsoft.AspNetCore.Mvc.IActionResult] RegisterAsync(Domain.DTO.RegisterDTO) on controller HRMSmvc.Controllers.AuthController (HRMSmvc).
2025-09-16 16:25:16.445 +05:45  INF  Executing JsonResult, writing value of type 'Domain.Models.ApiResponse`1[[System.String, System.Private.CoreLib, Version=8.0.0.0, Culture=neutral, PublicKeyToken=7cec85d7bea7798e]]'.
2025-09-16 16:25:16.456 +05:45  INF  Executed action HRMSmvc.Controllers.AuthController.RegisterAsync (HRMSmvc) in 2982.4341ms
2025-09-16 16:25:16.456 +05:45  INF  Executed endpoint 'HRMSmvc.Controllers.AuthController.RegisterAsync (HRMSmvc)'
2025-09-16 16:25:16.457 +05:45  INF  Request finished HTTP/2 POST https://localhost:7189/Auth/Register - 200 null application/json; charset=utf-8 3044.2672ms
2025-09-16 16:25:17.587 +05:45  INF  Request starting HTTP/2 GET https://localhost:7189/ - null null
2025-09-16 16:25:17.593 +05:45  INF  Cookies was not authenticated. Failure message: Ticket expired
2025-09-16 16:25:17.593 +05:45  INF  Executing endpoint 'HRMSmvc.Controllers.AuthController.Login (HRMSmvc)'
2025-09-16 16:25:17.593 +05:45  INF  Route matched with {action = "Login", controller = "Auth", area = ""}. Executing controller action with signature Microsoft.AspNetCore.Mvc.IActionResult Login() on controller HRMSmvc.Controllers.AuthController (HRMSmvc).
2025-09-16 16:25:17.594 +05:45  INF  Executing ViewResult, running view login.
2025-09-16 16:25:17.598 +05:45  INF  Executed ViewResult - view login executed in 3.7138ms.
2025-09-16 16:25:17.598 +05:45  INF  Executed action HRMSmvc.Controllers.AuthController.Login (HRMSmvc) in 4.4388ms
2025-09-16 16:25:17.598 +05:45  INF  Executed endpoint 'HRMSmvc.Controllers.AuthController.Login (HRMSmvc)'
2025-09-16 16:25:17.598 +05:45  INF  Request finished HTTP/2 GET https://localhost:7189/ - 200 null text/html; charset=utf-8 10.9806ms
2025-09-16 16:25:17.636 +05:45  INF  Request starting HTTP/2 GET https://localhost:7189/_vs/browserLink - null null
2025-09-16 16:25:17.642 +05:45  INF  Request starting HTTP/2 GET https://localhost:7189/_framework/aspnetcore-browser-refresh.js - null null
2025-09-16 16:25:17.643 +05:45  INF  Request finished HTTP/2 GET https://localhost:7189/_framework/aspnetcore-browser-refresh.js - 200 16499 application/javascript; charset=utf-8 1.1614ms
2025-09-16 16:25:17.657 +05:45  INF  Request finished HTTP/2 GET https://localhost:7189/_vs/browserLink - 200 null text/javascript; charset=UTF-8 20.0477ms
2025-09-16 16:26:21.833 +05:45  INF  User profile is available. Using 'C:\Users\ASUS\AppData\Local\ASP.NET\DataProtection-Keys' as key repository and Windows DPAPI to encrypt keys at rest.
2025-09-16 16:26:22.050 +05:45  INF  Now listening on: https://localhost:7189
2025-09-16 16:26:22.052 +05:45  INF  Now listening on: http://localhost:5227
2025-09-16 16:26:22.106 +05:45  INF  Application started. Press Ctrl+C to shut down.
2025-09-16 16:26:22.106 +05:45  INF  Hosting environment: Development
2025-09-16 16:26:22.106 +05:45  INF  Content root path: C:\Users\ASUS\Desktop\HRMS\HRMSmvc
2025-09-16 16:26:23.608 +05:45  INF  Request starting HTTP/2 GET https://localhost:7189/ - null null
2025-09-16 16:26:23.780 +05:45  INF  Cookies was not authenticated. Failure message: Ticket expired
2025-09-16 16:26:23.785 +05:45  INF  Executing endpoint 'HRMSmvc.Controllers.AuthController.Login (HRMSmvc)'
2025-09-16 16:26:23.892 +05:45  INF  Route matched with {action = "Login", controller = "Auth", area = ""}. Executing controller action with signature Microsoft.AspNetCore.Mvc.IActionResult Login() on controller HRMSmvc.Controllers.AuthController (HRMSmvc).
2025-09-16 16:26:23.910 +05:45  INF  Executing ViewResult, running view login.
2025-09-16 16:26:24.043 +05:45  INF  Executed ViewResult - view login executed in 133.4436ms.
2025-09-16 16:26:24.052 +05:45  INF  Executed action HRMSmvc.Controllers.AuthController.Login (HRMSmvc) in 158.6327ms
2025-09-16 16:26:24.053 +05:45  INF  Executed endpoint 'HRMSmvc.Controllers.AuthController.Login (HRMSmvc)'
2025-09-16 16:26:24.063 +05:45  INF  Request finished HTTP/2 GET https://localhost:7189/ - 200 null text/html; charset=utf-8 458.1704ms
2025-09-16 16:26:24.102 +05:45  INF  Request starting HTTP/2 GET https://localhost:7189/_framework/aspnetcore-browser-refresh.js - null null
2025-09-16 16:26:24.102 +05:45  INF  Request starting HTTP/2 GET https://localhost:7189/_vs/browserLink - null null
2025-09-16 16:26:24.109 +05:45  INF  Request finished HTTP/2 GET https://localhost:7189/_framework/aspnetcore-browser-refresh.js - 200 16499 application/javascript; charset=utf-8 6.9488ms
2025-09-16 16:26:24.170 +05:45  INF  Request finished HTTP/2 GET https://localhost:7189/_vs/browserLink - 200 null text/javascript; charset=UTF-8 67.8407ms
2025-09-16 16:26:27.036 +05:45  INF  Request starting HTTP/2 GET https://localhost:7189/Auth/Register - null null
2025-09-16 16:26:27.044 +05:45  INF  Cookies was not authenticated. Failure message: Ticket expired
2025-09-16 16:26:27.045 +05:45  INF  Executing endpoint 'HRMSmvc.Controllers.AuthController.Register (HRMSmvc)'
2025-09-16 16:26:27.046 +05:45  INF  Route matched with {action = "Register", controller = "Auth", area = ""}. Executing controller action with signature Microsoft.AspNetCore.Mvc.IActionResult Register() on controller HRMSmvc.Controllers.AuthController (HRMSmvc).
2025-09-16 16:26:27.047 +05:45  INF  Executing ViewResult, running view register.
2025-09-16 16:26:27.076 +05:45  INF  Executed ViewResult - view register executed in 29.4622ms.
2025-09-16 16:26:27.076 +05:45  INF  Executed action HRMSmvc.Controllers.AuthController.Register (HRMSmvc) in 30.3476ms
2025-09-16 16:26:27.077 +05:45  INF  Executed endpoint 'HRMSmvc.Controllers.AuthController.Register (HRMSmvc)'
2025-09-16 16:26:27.077 +05:45  INF  Request finished HTTP/2 GET https://localhost:7189/Auth/Register - 200 null text/html; charset=utf-8 40.5334ms
2025-09-16 16:26:27.098 +05:45  INF  Request starting HTTP/2 GET https://localhost:7189/_framework/aspnetcore-browser-refresh.js - null null
2025-09-16 16:26:27.098 +05:45  INF  Request starting HTTP/2 GET https://localhost:7189/_vs/browserLink - null null
2025-09-16 16:26:27.099 +05:45  INF  Request finished HTTP/2 GET https://localhost:7189/_framework/aspnetcore-browser-refresh.js - 200 16499 application/javascript; charset=utf-8 1.219ms
2025-09-16 16:26:27.112 +05:45  INF  Request finished HTTP/2 GET https://localhost:7189/_vs/browserLink - 200 null text/javascript; charset=UTF-8 14.4205ms
2025-09-16 16:27:05.739 +05:45  INF  Request starting HTTP/2 POST https://localhost:7189/Auth/Register - multipart/form-data; boundary=----WebKitFormBoundaryA552h8X5ofLZvK0q 6279
2025-09-16 16:27:05.753 +05:45  INF  Cookies was not authenticated. Failure message: Ticket expired
2025-09-16 16:27:05.754 +05:45  INF  Executing endpoint 'HRMSmvc.Controllers.AuthController.RegisterAsync (HRMSmvc)'
2025-09-16 16:27:05.797 +05:45  INF  Route matched with {action = "Register", controller = "Auth", area = ""}. Executing controller action with signature System.Threading.Tasks.Task`1[Microsoft.AspNetCore.Mvc.IActionResult] RegisterAsync(Domain.DTO.RegisterDTO) on controller HRMSmvc.Controllers.AuthController (HRMSmvc).
2025-09-16 16:27:07.976 +05:45  INF  Executing JsonResult, writing value of type 'Domain.Models.ApiResponse`1[[System.String, System.Private.CoreLib, Version=8.0.0.0, Culture=neutral, PublicKeyToken=7cec85d7bea7798e]]'.
2025-09-16 16:27:07.984 +05:45  INF  Executed action HRMSmvc.Controllers.AuthController.RegisterAsync (HRMSmvc) in 2186.8525ms
2025-09-16 16:27:07.984 +05:45  INF  Executed endpoint 'HRMSmvc.Controllers.AuthController.RegisterAsync (HRMSmvc)'
2025-09-16 16:27:07.985 +05:45  INF  Request finished HTTP/2 POST https://localhost:7189/Auth/Register - 200 null application/json; charset=utf-8 2245.1178ms
2025-09-16 16:27:08.809 +05:45  INF  Request starting HTTP/2 GET https://localhost:7189/ - null null
2025-09-16 16:27:08.811 +05:45  INF  Cookies was not authenticated. Failure message: Ticket expired
2025-09-16 16:27:08.811 +05:45  INF  Executing endpoint 'HRMSmvc.Controllers.AuthController.Login (HRMSmvc)'
2025-09-16 16:27:08.811 +05:45  INF  Route matched with {action = "Login", controller = "Auth", area = ""}. Executing controller action with signature Microsoft.AspNetCore.Mvc.IActionResult Login() on controller HRMSmvc.Controllers.AuthController (HRMSmvc).
2025-09-16 16:27:08.811 +05:45  INF  Executing ViewResult, running view login.
2025-09-16 16:27:08.821 +05:45  INF  Executed ViewResult - view login executed in 8.356ms.
2025-09-16 16:27:08.830 +05:45  INF  Executed action HRMSmvc.Controllers.AuthController.Login (HRMSmvc) in 16.6507ms
2025-09-16 16:27:08.838 +05:45  INF  Executed endpoint 'HRMSmvc.Controllers.AuthController.Login (HRMSmvc)'
2025-09-16 16:27:08.838 +05:45  INF  Request finished HTTP/2 GET https://localhost:7189/ - 200 null text/html; charset=utf-8 29.2664ms
2025-09-16 16:27:08.851 +05:45  INF  Request starting HTTP/2 GET https://localhost:7189/_vs/browserLink - null null
2025-09-16 16:27:08.859 +05:45  INF  Request starting HTTP/2 GET https://localhost:7189/_framework/aspnetcore-browser-refresh.js - null null
2025-09-16 16:27:08.864 +05:45  INF  Request finished HTTP/2 GET https://localhost:7189/_framework/aspnetcore-browser-refresh.js - 200 16499 application/javascript; charset=utf-8 5.2712ms
2025-09-16 16:27:08.889 +05:45  INF  Request finished HTTP/2 GET https://localhost:7189/_vs/browserLink - 200 null text/javascript; charset=UTF-8 37.9107ms
2025-09-16 16:27:34.399 +05:45  INF  Request starting HTTP/2 POST https://localhost:7189/ - application/x-www-form-urlencoded; charset=UTF-8 224
2025-09-16 16:27:34.401 +05:45  INF  Cookies was not authenticated. Failure message: Ticket expired
2025-09-16 16:27:34.402 +05:45  INF  Executing endpoint 'HRMSmvc.Controllers.AuthController.LoginAsync (HRMSmvc)'
2025-09-16 16:27:34.416 +05:45  INF  Route matched with {action = "Login", controller = "Auth", area = ""}. Executing controller action with signature System.Threading.Tasks.Task`1[Microsoft.AspNetCore.Mvc.IActionResult] LoginAsync(Domain.DTO.LoginDTO) on controller HRMSmvc.Controllers.AuthController (HRMSmvc).
2025-09-16 16:27:34.741 +05:45  INF  AuthenticationScheme: Cookies signed in.
2025-09-16 16:27:34.742 +05:45  INF  Executing JsonResult, writing value of type 'Domain.Models.ApiResponse`1[[Domain.DTO.LoginResponseDto, Domain, Version=1.0.0.0, Culture=neutral, PublicKeyToken=null]]'.
2025-09-16 16:27:34.744 +05:45  INF  Executed action HRMSmvc.Controllers.AuthController.LoginAsync (HRMSmvc) in 328.1981ms
2025-09-16 16:27:34.744 +05:45  INF  Executed endpoint 'HRMSmvc.Controllers.AuthController.LoginAsync (HRMSmvc)'
2025-09-16 16:27:34.744 +05:45  INF  Request finished HTTP/2 POST https://localhost:7189/ - 200 null application/json; charset=utf-8 346.596ms
2025-09-16 16:27:35.786 +05:45  INF  Request starting HTTP/2 GET https://localhost:7189/Dashboard/Index?area=Admin - null null
2025-09-16 16:27:35.790 +05:45  INF  Executing endpoint 'HRMSmvc.Areas.Admin.Controllers.DashboardController.Index (HRMSmvc)'
2025-09-16 16:27:35.793 +05:45  INF  Route matched with {action = "Index", controller = "Dashboard", area = ""}. Executing controller action with signature System.Threading.Tasks.Task`1[Microsoft.AspNetCore.Mvc.IActionResult] Index() on controller HRMSmvc.Areas.Admin.Controllers.DashboardController (HRMSmvc).
2025-09-16 16:27:35.887 +05:45  ERR  Error: "Forbidden" - Forbidden while making GET request to /api/Employee/GetEmp
2025-09-16 16:27:35.890 +05:45  INF  Executing ViewResult, running view Index.
2025-09-16 16:27:35.891 +05:45  ERR  The view 'Index' was not found. Searched locations: ["/Views/Dashboard/Index.cshtml","/Views/Shared/Index.cshtml"]
2025-09-16 16:27:35.897 +05:45  INF  Executed action HRMSmvc.Areas.Admin.Controllers.DashboardController.Index (HRMSmvc) in 104.581ms
2025-09-16 16:27:35.898 +05:45  INF  Executed endpoint 'HRMSmvc.Areas.Admin.Controllers.DashboardController.Index (HRMSmvc)'
2025-09-16 16:27:35.901 +05:45  ERR  An unhandled exception has occurred while executing the request.System.InvalidOperationException: The view 'Index' was not found. The following locations were searched:
/Views/Dashboard/Index.cshtml
/Views/Shared/Index.cshtml
   at Microsoft.AspNetCore.Mvc.ViewEngines.ViewEngineResult.EnsureSuccessful(IEnumerable`1 originalLocations)
   at Microsoft.AspNetCore.Mvc.ViewFeatures.ViewResultExecutor.ExecuteAsync(ActionContext context, ViewResult result)
   at Microsoft.AspNetCore.Mvc.ViewResult.ExecuteResultAsync(ActionContext context)
   at Microsoft.AspNetCore.Mvc.Infrastructure.ResourceInvoker.<InvokeNextResultFilterAsync>g__Awaited|30_0[TFilter,TFilterAsync](ResourceInvoker invoker, Task lastTask, State next, Scope scope, Object state, Boolean isCompleted)
   at Microsoft.AspNetCore.Mvc.Infrastructure.ResourceInvoker.Rethrow(ResultExecutedContextSealed context)
   at Microsoft.AspNetCore.Mvc.Infrastructure.ResourceInvoker.ResultNext[TFilter,TFilterAsync](State& next, Scope& scope, Object& state, Boolean& isCompleted)
   at Microsoft.AspNetCore.Mvc.Infrastructure.ResourceInvoker.InvokeResultFilters()
--- End of stack trace from previous location ---
   at Microsoft.AspNetCore.Mvc.Infrastructure.ResourceInvoker.<InvokeNextResourceFilter>g__Awaited|25_0(ResourceInvoker invoker, Task lastTask, State next, Scope scope, Object state, Boolean isCompleted)
   at Microsoft.AspNetCore.Mvc.Infrastructure.ResourceInvoker.Rethrow(ResourceExecutedContextSealed context)
   at Microsoft.AspNetCore.Mvc.Infrastructure.ResourceInvoker.Next(State& next, Scope& scope, Object& state, Boolean& isCompleted)
   at Microsoft.AspNetCore.Mvc.Infrastructure.ResourceInvoker.<InvokeFilterPipelineAsync>g__Awaited|20_0(ResourceInvoker invoker, Task lastTask, State next, Scope scope, Object state, Boolean isCompleted)
   at Microsoft.AspNetCore.Mvc.Infrastructure.ResourceInvoker.<InvokeAsync>g__Logged|17_1(ResourceInvoker invoker)
   at Microsoft.AspNetCore.Mvc.Infrastructure.ResourceInvoker.<InvokeAsync>g__Logged|17_1(ResourceInvoker invoker)
   at Microsoft.AspNetCore.Routing.EndpointMiddleware.<Invoke>g__AwaitRequestTask|7_0(Endpoint endpoint, Task requestTask, ILogger logger)
   at Microsoft.AspNetCore.Authorization.AuthorizationMiddleware.Invoke(HttpContext context)
   at Microsoft.AspNetCore.Authentication.AuthenticationMiddleware.Invoke(HttpContext context)
   at Microsoft.AspNetCore.Session.SessionMiddleware.Invoke(HttpContext context)
   at Microsoft.AspNetCore.Session.SessionMiddleware.Invoke(HttpContext context)
   at Microsoft.AspNetCore.Diagnostics.DeveloperExceptionPageMiddlewareImpl.Invoke(HttpContext context)

2025-09-16 16:27:35.958 +05:45  INF  Request finished HTTP/2 GET https://localhost:7189/Dashboard/Index?area=Admin - 500 null text/html; charset=utf-8 171.6057ms
2025-09-16 16:27:35.967 +05:45  INF  Request starting HTTP/2 GET https://localhost:7189/_vs/browserLink - null null
2025-09-16 16:27:35.969 +05:45  INF  Request starting HTTP/2 GET https://localhost:7189/_framework/aspnetcore-browser-refresh.js - null null
2025-09-16 16:27:35.969 +05:45  INF  Request finished HTTP/2 GET https://localhost:7189/_framework/aspnetcore-browser-refresh.js - 200 16499 application/javascript; charset=utf-8 0.6931ms
2025-09-16 16:27:35.976 +05:45  INF  Request finished HTTP/2 GET https://localhost:7189/_vs/browserLink - 200 null text/javascript; charset=UTF-8 8.9321ms
2025-09-16 16:30:30.115 +05:45  INF  User profile is available. Using 'C:\Users\ASUS\AppData\Local\ASP.NET\DataProtection-Keys' as key repository and Windows DPAPI to encrypt keys at rest.
2025-09-16 16:30:30.289 +05:45  INF  Now listening on: https://localhost:7189
2025-09-16 16:30:30.291 +05:45  INF  Now listening on: http://localhost:5227
2025-09-16 16:30:30.352 +05:45  INF  Application started. Press Ctrl+C to shut down.
2025-09-16 16:30:30.352 +05:45  INF  Hosting environment: Development
2025-09-16 16:30:30.352 +05:45  INF  Content root path: C:\Users\ASUS\Desktop\HRMS\HRMSmvc
2025-09-16 16:30:31.587 +05:45  INF  Request starting HTTP/2 GET https://localhost:7189/ - null null
2025-09-16 16:30:31.810 +05:45  INF  Executing endpoint 'HRMSmvc.Controllers.AuthController.Login (HRMSmvc)'
2025-09-16 16:30:31.881 +05:45  INF  Route matched with {action = "Login", controller = "Auth", area = ""}. Executing controller action with signature Microsoft.AspNetCore.Mvc.IActionResult Login() on controller HRMSmvc.Controllers.AuthController (HRMSmvc).
2025-09-16 16:30:31.916 +05:45  INF  Executing ViewResult, running view login.
2025-09-16 16:30:32.130 +05:45  INF  Executed ViewResult - view login executed in 215.7598ms.
2025-09-16 16:30:32.145 +05:45  INF  Executed action HRMSmvc.Controllers.AuthController.Login (HRMSmvc) in 261.9686ms
2025-09-16 16:30:32.146 +05:45  INF  Executed endpoint 'HRMSmvc.Controllers.AuthController.Login (HRMSmvc)'
2025-09-16 16:30:32.161 +05:45  INF  Request finished HTTP/2 GET https://localhost:7189/ - 200 null text/html; charset=utf-8 576.0117ms
2025-09-16 16:30:32.161 +05:45  INF  Request starting HTTP/2 GET https://localhost:7189/_framework/aspnetcore-browser-refresh.js - null null
2025-09-16 16:30:32.196 +05:45  INF  Request finished HTTP/2 GET https://localhost:7189/_framework/aspnetcore-browser-refresh.js - 200 16499 application/javascript; charset=utf-8 36.981ms
2025-09-16 16:30:32.235 +05:45  INF  Request starting HTTP/2 GET https://localhost:7189/_vs/browserLink - null null
2025-09-16 16:30:32.346 +05:45  INF  Request finished HTTP/2 GET https://localhost:7189/_vs/browserLink - 200 null text/javascript; charset=UTF-8 110.407ms
2025-09-16 16:30:54.244 +05:45  INF  Request starting HTTP/2 POST https://localhost:7189/ - application/x-www-form-urlencoded; charset=UTF-8 267
2025-09-16 16:30:54.258 +05:45  INF  Executing endpoint 'HRMSmvc.Controllers.AuthController.LoginAsync (HRMSmvc)'
2025-09-16 16:30:54.300 +05:45  INF  Route matched with {action = "Login", controller = "Auth", area = ""}. Executing controller action with signature System.Threading.Tasks.Task`1[Microsoft.AspNetCore.Mvc.IActionResult] LoginAsync(Domain.DTO.LoginDTO) on controller HRMSmvc.Controllers.AuthController (HRMSmvc).
2025-09-16 16:30:57.098 +05:45  INF  AuthenticationScheme: Cookies signed in.
2025-09-16 16:30:57.101 +05:45  INF  Executing JsonResult, writing value of type 'Domain.Models.ApiResponse`1[[Domain.DTO.LoginResponseDto, Domain, Version=1.0.0.0, Culture=neutral, PublicKeyToken=null]]'.
2025-09-16 16:30:57.105 +05:45  INF  Executed action HRMSmvc.Controllers.AuthController.LoginAsync (HRMSmvc) in 2804.674ms
2025-09-16 16:30:57.105 +05:45  INF  Executed endpoint 'HRMSmvc.Controllers.AuthController.LoginAsync (HRMSmvc)'
2025-09-16 16:30:57.105 +05:45  INF  Request finished HTTP/2 POST https://localhost:7189/ - 200 null application/json; charset=utf-8 2860.8747ms
2025-09-16 16:30:57.916 +05:45  INF  Request starting HTTP/2 GET https://localhost:7189/Dashboard/Index?area=Admin - null null
2025-09-16 16:30:57.938 +05:45  INF  Executing endpoint 'HRMSmvc.Areas.Admin.Controllers.DashboardController.Index (HRMSmvc)'
2025-09-16 16:30:57.948 +05:45  INF  Route matched with {action = "Index", controller = "Dashboard", area = ""}. Executing controller action with signature System.Threading.Tasks.Task`1[Microsoft.AspNetCore.Mvc.IActionResult] Index() on controller HRMSmvc.Areas.Admin.Controllers.DashboardController (HRMSmvc).
2025-09-16 16:30:57.995 +05:45  ERR  Error: "Forbidden" - Forbidden while making GET request to /api/Employee/GetEmp
2025-09-16 16:30:57.998 +05:45  INF  Executing ViewResult, running view Index.
2025-09-16 16:30:58.002 +05:45  ERR  The view 'Index' was not found. Searched locations: ["/Views/Dashboard/Index.cshtml","/Views/Shared/Index.cshtml"]
2025-09-16 16:30:58.009 +05:45  INF  Executed action HRMSmvc.Areas.Admin.Controllers.DashboardController.Index (HRMSmvc) in 59.5512ms
2025-09-16 16:30:58.011 +05:45  INF  Executed endpoint 'HRMSmvc.Areas.Admin.Controllers.DashboardController.Index (HRMSmvc)'
2025-09-16 16:30:58.015 +05:45  ERR  An unhandled exception has occurred while executing the request.System.InvalidOperationException: The view 'Index' was not found. The following locations were searched:
/Views/Dashboard/Index.cshtml
/Views/Shared/Index.cshtml
   at Microsoft.AspNetCore.Mvc.ViewEngines.ViewEngineResult.EnsureSuccessful(IEnumerable`1 originalLocations)
   at Microsoft.AspNetCore.Mvc.ViewFeatures.ViewResultExecutor.ExecuteAsync(ActionContext context, ViewResult result)
   at Microsoft.AspNetCore.Mvc.ViewResult.ExecuteResultAsync(ActionContext context)
   at Microsoft.AspNetCore.Mvc.Infrastructure.ResourceInvoker.<InvokeNextResultFilterAsync>g__Awaited|30_0[TFilter,TFilterAsync](ResourceInvoker invoker, Task lastTask, State next, Scope scope, Object state, Boolean isCompleted)
   at Microsoft.AspNetCore.Mvc.Infrastructure.ResourceInvoker.Rethrow(ResultExecutedContextSealed context)
   at Microsoft.AspNetCore.Mvc.Infrastructure.ResourceInvoker.ResultNext[TFilter,TFilterAsync](State& next, Scope& scope, Object& state, Boolean& isCompleted)
   at Microsoft.AspNetCore.Mvc.Infrastructure.ResourceInvoker.InvokeResultFilters()
--- End of stack trace from previous location ---
   at Microsoft.AspNetCore.Mvc.Infrastructure.ResourceInvoker.<InvokeNextResourceFilter>g__Awaited|25_0(ResourceInvoker invoker, Task lastTask, State next, Scope scope, Object state, Boolean isCompleted)
   at Microsoft.AspNetCore.Mvc.Infrastructure.ResourceInvoker.Rethrow(ResourceExecutedContextSealed context)
   at Microsoft.AspNetCore.Mvc.Infrastructure.ResourceInvoker.Next(State& next, Scope& scope, Object& state, Boolean& isCompleted)
   at Microsoft.AspNetCore.Mvc.Infrastructure.ResourceInvoker.<InvokeFilterPipelineAsync>g__Awaited|20_0(ResourceInvoker invoker, Task lastTask, State next, Scope scope, Object state, Boolean isCompleted)
   at Microsoft.AspNetCore.Mvc.Infrastructure.ResourceInvoker.<InvokeAsync>g__Logged|17_1(ResourceInvoker invoker)
   at Microsoft.AspNetCore.Mvc.Infrastructure.ResourceInvoker.<InvokeAsync>g__Logged|17_1(ResourceInvoker invoker)
   at Microsoft.AspNetCore.Routing.EndpointMiddleware.<Invoke>g__AwaitRequestTask|7_0(Endpoint endpoint, Task requestTask, ILogger logger)
   at Microsoft.AspNetCore.Authorization.AuthorizationMiddleware.Invoke(HttpContext context)
   at Microsoft.AspNetCore.Authentication.AuthenticationMiddleware.Invoke(HttpContext context)
   at Microsoft.AspNetCore.Session.SessionMiddleware.Invoke(HttpContext context)
   at Microsoft.AspNetCore.Session.SessionMiddleware.Invoke(HttpContext context)
   at Microsoft.AspNetCore.Diagnostics.DeveloperExceptionPageMiddlewareImpl.Invoke(HttpContext context)

2025-09-16 16:30:58.055 +05:45  INF  Request finished HTTP/2 GET https://localhost:7189/Dashboard/Index?area=Admin - 500 null text/html; charset=utf-8 138.8432ms
2025-09-16 16:30:58.076 +05:45  INF  Request starting HTTP/2 GET https://localhost:7189/_vs/browserLink - null null
2025-09-16 16:30:58.079 +05:45  INF  Request starting HTTP/2 GET https://localhost:7189/_framework/aspnetcore-browser-refresh.js - null null
2025-09-16 16:30:58.087 +05:45  INF  Request finished HTTP/2 GET https://localhost:7189/_framework/aspnetcore-browser-refresh.js - 200 16499 application/javascript; charset=utf-8 7.4181ms
2025-09-16 16:30:58.101 +05:45  INF  Request finished HTTP/2 GET https://localhost:7189/_vs/browserLink - 200 null text/javascript; charset=UTF-8 24.3464ms
2025-09-16 16:33:18.861 +05:45  INF  User profile is available. Using 'C:\Users\ASUS\AppData\Local\ASP.NET\DataProtection-Keys' as key repository and Windows DPAPI to encrypt keys at rest.
2025-09-16 16:33:19.408 +05:45  INF  Now listening on: https://localhost:7189
2025-09-16 16:33:19.408 +05:45  INF  Now listening on: http://localhost:5227
2025-09-16 16:33:19.594 +05:45  INF  Application started. Press Ctrl+C to shut down.
2025-09-16 16:33:19.594 +05:45  INF  Hosting environment: Development
2025-09-16 16:33:19.595 +05:45  INF  Content root path: C:\Users\ASUS\Desktop\HRMS\HRMSmvc
2025-09-16 16:33:20.020 +05:45  INF  Request starting HTTP/2 GET https://localhost:7189/ - null null
2025-09-16 16:33:20.231 +05:45  INF  Executing endpoint 'HRMSmvc.Controllers.AuthController.Login (HRMSmvc)'
2025-09-16 16:33:20.282 +05:45  INF  Route matched with {action = "Login", controller = "Auth", area = ""}. Executing controller action with signature Microsoft.AspNetCore.Mvc.IActionResult Login() on controller HRMSmvc.Controllers.AuthController (HRMSmvc).
2025-09-16 16:33:20.297 +05:45  INF  Executing ViewResult, running view login.
2025-09-16 16:33:20.533 +05:45  INF  Executed ViewResult - view login executed in 230.8244ms.
2025-09-16 16:33:20.540 +05:45  INF  Executed action HRMSmvc.Controllers.AuthController.Login (HRMSmvc) in 256.8047ms
2025-09-16 16:33:20.540 +05:45  INF  Executed endpoint 'HRMSmvc.Controllers.AuthController.Login (HRMSmvc)'
2025-09-16 16:33:20.549 +05:45  INF  Request finished HTTP/2 GET https://localhost:7189/ - 200 null text/html; charset=utf-8 532.8705ms
2025-09-16 16:33:20.550 +05:45  INF  Request starting HTTP/2 GET https://localhost:7189/_framework/aspnetcore-browser-refresh.js - null null
2025-09-16 16:33:20.568 +05:45  INF  Request finished HTTP/2 GET https://localhost:7189/_framework/aspnetcore-browser-refresh.js - 200 16499 application/javascript; charset=utf-8 17.4014ms
2025-09-16 16:33:20.578 +05:45  INF  Request starting HTTP/2 GET https://localhost:7189/_vs/browserLink - null null
2025-09-16 16:33:20.611 +05:45  INF  Request finished HTTP/2 GET https://localhost:7189/_vs/browserLink - 200 null text/javascript; charset=UTF-8 33.404ms
2025-09-16 16:33:25.014 +05:45  INF  Request starting HTTP/2 POST https://localhost:7189/ - application/x-www-form-urlencoded; charset=UTF-8 267
2025-09-16 16:33:25.025 +05:45  INF  Executing endpoint 'HRMSmvc.Controllers.AuthController.LoginAsync (HRMSmvc)'
2025-09-16 16:33:25.081 +05:45  INF  Route matched with {action = "Login", controller = "Auth", area = ""}. Executing controller action with signature System.Threading.Tasks.Task`1[Microsoft.AspNetCore.Mvc.IActionResult] LoginAsync(Domain.DTO.LoginDTO) on controller HRMSmvc.Controllers.AuthController (HRMSmvc).
2025-09-16 16:33:27.129 +05:45  INF  AuthenticationScheme: Cookies signed in.
2025-09-16 16:33:27.133 +05:45  INF  Executing JsonResult, writing value of type 'Domain.Models.ApiResponse`1[[Domain.DTO.LoginResponseDto, Domain, Version=1.0.0.0, Culture=neutral, PublicKeyToken=null]]'.
2025-09-16 16:33:27.137 +05:45  INF  Executed action HRMSmvc.Controllers.AuthController.LoginAsync (HRMSmvc) in 2055.1488ms
2025-09-16 16:33:27.137 +05:45  INF  Executed endpoint 'HRMSmvc.Controllers.AuthController.LoginAsync (HRMSmvc)'
2025-09-16 16:33:27.137 +05:45  INF  Request finished HTTP/2 POST https://localhost:7189/ - 200 null application/json; charset=utf-8 2123.6725ms
2025-09-16 16:33:28.139 +05:45  INF  Request starting HTTP/2 GET https://localhost:7189/Admin/Dashboard/Index - null null
2025-09-16 16:33:28.169 +05:45  INF  Executing endpoint 'HRMSmvc.Areas.Admin.Controllers.DashboardController.Index (HRMSmvc)'
2025-09-16 16:33:28.185 +05:45  INF  Route matched with {area = "Admin", action = "Index", controller = "Dashboard"}. Executing controller action with signature System.Threading.Tasks.Task`1[Microsoft.AspNetCore.Mvc.IActionResult] Index() on controller HRMSmvc.Areas.Admin.Controllers.DashboardController (HRMSmvc).
2025-09-16 16:33:28.241 +05:45  ERR  Error: "Forbidden" - Forbidden while making GET request to /api/Employee/GetEmp
2025-09-16 16:33:28.243 +05:45  INF  Executing ViewResult, running view Index.
2025-09-16 16:33:28.268 +05:45  INF  Executed ViewResult - view Index executed in 26.2727ms.
2025-09-16 16:33:28.269 +05:45  INF  Executed action HRMSmvc.Areas.Admin.Controllers.DashboardController.Index (HRMSmvc) in 83.5314ms
2025-09-16 16:33:28.269 +05:45  INF  Executed endpoint 'HRMSmvc.Areas.Admin.Controllers.DashboardController.Index (HRMSmvc)'
2025-09-16 16:33:28.269 +05:45  INF  Request finished HTTP/2 GET https://localhost:7189/Admin/Dashboard/Index - 200 null text/html; charset=utf-8 129.7008ms
2025-09-16 16:33:28.292 +05:45  INF  Request starting HTTP/2 GET https://localhost:7189/_vs/browserLink - null null
2025-09-16 16:33:28.299 +05:45  INF  Request starting HTTP/2 GET https://localhost:7189/_framework/aspnetcore-browser-refresh.js - null null
2025-09-16 16:33:28.302 +05:45  INF  Request finished HTTP/2 GET https://localhost:7189/_framework/aspnetcore-browser-refresh.js - 200 16499 application/javascript; charset=utf-8 3.3742ms
2025-09-16 16:33:28.310 +05:45  INF  Request finished HTTP/2 GET https://localhost:7189/_vs/browserLink - 200 null text/javascript; charset=UTF-8 17.3644ms
2025-09-16 16:33:28.356 +05:45  INF  Request starting HTTP/2 GET https://localhost:7189/vendor/fonts/bootstrap-icons.woff2?dd67030699838ea613ee6dbda90effa6 - null null
2025-09-16 16:33:28.361 +05:45  INF  Request finished HTTP/2 GET https://localhost:7189/vendor/fonts/bootstrap-icons.woff2?dd67030699838ea613ee6dbda90effa6 - 404 0 null 4.4391ms
2025-09-16 16:33:28.362 +05:45  INF  Request reached the end of the middleware pipeline without being handled by application code. Request path: GET https://localhost:7189/vendor/fonts/bootstrap-icons.woff2, Response status code: 404
2025-09-16 16:33:28.382 +05:45  INF  Request starting HTTP/2 GET https://localhost:7189/vendor/fonts/bootstrap-icons.woff?dd67030699838ea613ee6dbda90effa6 - null null
2025-09-16 16:33:28.383 +05:45  INF  Request finished HTTP/2 GET https://localhost:7189/vendor/fonts/bootstrap-icons.woff?dd67030699838ea613ee6dbda90effa6 - 404 0 null 1.2057ms
2025-09-16 16:33:28.384 +05:45  INF  Request reached the end of the middleware pipeline without being handled by application code. Request path: GET https://localhost:7189/vendor/fonts/bootstrap-icons.woff, Response status code: 404
2025-09-16 16:33:34.185 +05:45  INF  Request starting HTTP/2 GET https://localhost:7189/Admin/Employee/Index - null null
2025-09-16 16:33:34.187 +05:45  INF  Request finished HTTP/2 GET https://localhost:7189/Admin/Employee/Index - 404 0 null 2.1175ms
2025-09-16 16:33:34.187 +05:45  INF  Request reached the end of the middleware pipeline without being handled by application code. Request path: GET https://localhost:7189/Admin/Employee/Index, Response status code: 404
2025-09-16 16:33:36.353 +05:45  INF  Request starting HTTP/2 GET https://localhost:7189/_framework/aspnetcore-browser-refresh.js - null null
2025-09-16 16:33:36.356 +05:45  INF  Request finished HTTP/2 GET https://localhost:7189/_framework/aspnetcore-browser-refresh.js - 200 16499 application/javascript; charset=utf-8 3.0102ms
2025-09-16 16:33:42.947 +05:45  INF  Request starting HTTP/2 GET https://localhost:7189/Admin/Employee/CreateorEdit - null null
2025-09-16 16:33:42.950 +05:45  INF  Request finished HTTP/2 GET https://localhost:7189/Admin/Employee/CreateorEdit - 404 0 null 2.1503ms
2025-09-16 16:33:42.950 +05:45  INF  Request reached the end of the middleware pipeline without being handled by application code. Request path: GET https://localhost:7189/Admin/Employee/CreateorEdit, Response status code: 404
2025-09-16 16:33:50.903 +05:45  INF  Request starting HTTP/2 GET https://localhost:7189/_framework/aspnetcore-browser-refresh.js - null null
2025-09-16 16:33:50.905 +05:45  INF  Request finished HTTP/2 GET https://localhost:7189/_framework/aspnetcore-browser-refresh.js - 200 16499 application/javascript; charset=utf-8 1.6359ms
2025-09-16 16:36:04.615 +05:45  INF  User profile is available. Using 'C:\Users\ASUS\AppData\Local\ASP.NET\DataProtection-Keys' as key repository and Windows DPAPI to encrypt keys at rest.
2025-09-16 16:36:04.755 +05:45  INF  Now listening on: https://localhost:7189
2025-09-16 16:36:04.757 +05:45  INF  Now listening on: http://localhost:5227
2025-09-16 16:36:04.813 +05:45  INF  Application started. Press Ctrl+C to shut down.
2025-09-16 16:36:04.814 +05:45  INF  Hosting environment: Development
2025-09-16 16:36:04.814 +05:45  INF  Content root path: C:\Users\ASUS\Desktop\HRMS\HRMSmvc
2025-09-16 16:36:06.298 +05:45  INF  Request starting HTTP/2 GET https://localhost:7189/ - null null
2025-09-16 16:36:07.080 +05:45  INF  Executing endpoint 'HRMSmvc.Controllers.AuthController.Login (HRMSmvc)'
2025-09-16 16:36:07.125 +05:45  INF  Route matched with {action = "Login", controller = "Auth", area = ""}. Executing controller action with signature Microsoft.AspNetCore.Mvc.IActionResult Login() on controller HRMSmvc.Controllers.AuthController (HRMSmvc).
2025-09-16 16:36:07.142 +05:45  INF  Executing ViewResult, running view login.
2025-09-16 16:36:07.265 +05:45  INF  Executed ViewResult - view login executed in 121.6049ms.
2025-09-16 16:36:07.274 +05:45  INF  Executed action HRMSmvc.Controllers.AuthController.Login (HRMSmvc) in 148.403ms
2025-09-16 16:36:07.275 +05:45  INF  Executed endpoint 'HRMSmvc.Controllers.AuthController.Login (HRMSmvc)'
2025-09-16 16:36:07.281 +05:45  INF  Request finished HTTP/2 GET https://localhost:7189/ - 200 null text/html; charset=utf-8 984.5876ms
2025-09-16 16:36:07.292 +05:45  INF  Request starting HTTP/2 GET https://localhost:7189/_framework/aspnetcore-browser-refresh.js - null null
2025-09-16 16:36:07.300 +05:45  INF  Request finished HTTP/2 GET https://localhost:7189/_framework/aspnetcore-browser-refresh.js - 200 16499 application/javascript; charset=utf-8 6.6862ms
2025-09-16 16:36:07.319 +05:45  INF  Request starting HTTP/2 GET https://localhost:7189/_vs/browserLink - null null
2025-09-16 16:36:07.361 +05:45  INF  Request finished HTTP/2 GET https://localhost:7189/_vs/browserLink - 200 null text/javascript; charset=UTF-8 42.0557ms
2025-09-16 16:36:12.746 +05:45  INF  Request starting HTTP/2 POST https://localhost:7189/ - application/x-www-form-urlencoded; charset=UTF-8 267
2025-09-16 16:36:12.754 +05:45  INF  Executing endpoint 'HRMSmvc.Controllers.AuthController.LoginAsync (HRMSmvc)'
2025-09-16 16:36:12.827 +05:45  INF  Route matched with {action = "Login", controller = "Auth", area = ""}. Executing controller action with signature System.Threading.Tasks.Task`1[Microsoft.AspNetCore.Mvc.IActionResult] LoginAsync(Domain.DTO.LoginDTO) on controller HRMSmvc.Controllers.AuthController (HRMSmvc).
2025-09-16 16:36:15.261 +05:45  INF  AuthenticationScheme: Cookies signed in.
2025-09-16 16:36:15.266 +05:45  INF  Executing JsonResult, writing value of type 'Domain.Models.ApiResponse`1[[Domain.DTO.LoginResponseDto, Domain, Version=1.0.0.0, Culture=neutral, PublicKeyToken=null]]'.
2025-09-16 16:36:15.269 +05:45  INF  Executed action HRMSmvc.Controllers.AuthController.LoginAsync (HRMSmvc) in 2441.3691ms
2025-09-16 16:36:15.269 +05:45  INF  Executed endpoint 'HRMSmvc.Controllers.AuthController.LoginAsync (HRMSmvc)'
2025-09-16 16:36:15.269 +05:45  INF  Request finished HTTP/2 POST https://localhost:7189/ - 200 null application/json; charset=utf-8 2527.0796ms
2025-09-16 16:36:16.685 +05:45  INF  Request starting HTTP/2 GET https://localhost:7189/Admin/Dashboard/Index - null null
2025-09-16 16:36:16.723 +05:45  INF  Executing endpoint 'HRMSmvc.Areas.Admin.Controllers.DashboardController.Index (HRMSmvc)'
2025-09-16 16:36:16.744 +05:45  INF  Route matched with {area = "Admin", action = "Index", controller = "Dashboard"}. Executing controller action with signature System.Threading.Tasks.Task`1[Microsoft.AspNetCore.Mvc.IActionResult] Index() on controller HRMSmvc.Areas.Admin.Controllers.DashboardController (HRMSmvc).
2025-09-16 16:36:16.802 +05:45  ERR  Error: "Forbidden" - Forbidden while making GET request to /api/Employee/GetEmp
2025-09-16 16:36:16.804 +05:45  INF  Executing ViewResult, running view Index.
2025-09-16 16:36:16.829 +05:45  INF  Executed ViewResult - view Index executed in 25.7094ms.
2025-09-16 16:36:16.829 +05:45  INF  Executed action HRMSmvc.Areas.Admin.Controllers.DashboardController.Index (HRMSmvc) in 81.82ms
2025-09-16 16:36:16.829 +05:45  INF  Executed endpoint 'HRMSmvc.Areas.Admin.Controllers.DashboardController.Index (HRMSmvc)'
2025-09-16 16:36:16.829 +05:45  INF  Request finished HTTP/2 GET https://localhost:7189/Admin/Dashboard/Index - 200 null text/html; charset=utf-8 144.0716ms
2025-09-16 16:36:16.851 +05:45  INF  Request starting HTTP/2 GET https://localhost:7189/_vs/browserLink - null null
2025-09-16 16:36:16.856 +05:45  INF  Request starting HTTP/2 GET https://localhost:7189/_framework/aspnetcore-browser-refresh.js - null null
2025-09-16 16:36:16.858 +05:45  INF  Request finished HTTP/2 GET https://localhost:7189/_framework/aspnetcore-browser-refresh.js - 200 16499 application/javascript; charset=utf-8 1.9773ms
2025-09-16 16:36:16.872 +05:45  INF  Request finished HTTP/2 GET https://localhost:7189/_vs/browserLink - 200 null text/javascript; charset=UTF-8 21.133ms
2025-09-16 16:36:16.929 +05:45  INF  Request starting HTTP/2 GET https://localhost:7189/vendor/fonts/bootstrap-icons.woff2?dd67030699838ea613ee6dbda90effa6 - null null
2025-09-16 16:36:16.932 +05:45  INF  Request finished HTTP/2 GET https://localhost:7189/vendor/fonts/bootstrap-icons.woff2?dd67030699838ea613ee6dbda90effa6 - 404 0 null 2.4008ms
2025-09-16 16:36:16.932 +05:45  INF  Request reached the end of the middleware pipeline without being handled by application code. Request path: GET https://localhost:7189/vendor/fonts/bootstrap-icons.woff2, Response status code: 404
2025-09-16 16:36:16.941 +05:45  INF  Request starting HTTP/2 GET https://localhost:7189/vendor/fonts/bootstrap-icons.woff?dd67030699838ea613ee6dbda90effa6 - null null
2025-09-16 16:36:16.942 +05:45  INF  Request finished HTTP/2 GET https://localhost:7189/vendor/fonts/bootstrap-icons.woff?dd67030699838ea613ee6dbda90effa6 - 404 0 null 1.0979ms
2025-09-16 16:36:16.942 +05:45  INF  Request reached the end of the middleware pipeline without being handled by application code. Request path: GET https://localhost:7189/vendor/fonts/bootstrap-icons.woff, Response status code: 404
2025-09-16 16:36:19.433 +05:45  INF  Request starting HTTP/2 GET https://localhost:7189/Admin/Dashboard/Index - null null
2025-09-16 16:36:19.445 +05:45  INF  Executing endpoint 'HRMSmvc.Areas.Admin.Controllers.DashboardController.Index (HRMSmvc)'
2025-09-16 16:36:19.445 +05:45  INF  Route matched with {area = "Admin", action = "Index", controller = "Dashboard"}. Executing controller action with signature System.Threading.Tasks.Task`1[Microsoft.AspNetCore.Mvc.IActionResult] Index() on controller HRMSmvc.Areas.Admin.Controllers.DashboardController (HRMSmvc).
2025-09-16 16:36:19.506 +05:45  ERR  Error: "Forbidden" - Forbidden while making GET request to /api/Employee/GetEmp
2025-09-16 16:36:19.507 +05:45  INF  Executing ViewResult, running view Index.
2025-09-16 16:36:19.514 +05:45  INF  Executed ViewResult - view Index executed in 7.2826ms.
2025-09-16 16:36:19.514 +05:45  INF  Executed action HRMSmvc.Areas.Admin.Controllers.DashboardController.Index (HRMSmvc) in 68.6871ms
2025-09-16 16:36:19.514 +05:45  INF  Executed endpoint 'HRMSmvc.Areas.Admin.Controllers.DashboardController.Index (HRMSmvc)'
2025-09-16 16:36:19.514 +05:45  INF  Request finished HTTP/2 GET https://localhost:7189/Admin/Dashboard/Index - 200 null text/html; charset=utf-8 81.4825ms
2025-09-16 16:36:19.542 +05:45  INF  Request starting HTTP/2 GET https://localhost:7189/_framework/aspnetcore-browser-refresh.js - null null
2025-09-16 16:36:19.542 +05:45  INF  Request starting HTTP/2 GET https://localhost:7189/_vs/browserLink - null null
2025-09-16 16:36:19.543 +05:45  INF  Request finished HTTP/2 GET https://localhost:7189/_framework/aspnetcore-browser-refresh.js - 200 16499 application/javascript; charset=utf-8 0.9467ms
2025-09-16 16:36:19.558 +05:45  INF  Request finished HTTP/2 GET https://localhost:7189/_vs/browserLink - 200 null text/javascript; charset=UTF-8 16.1088ms
2025-09-16 16:36:19.560 +05:45  INF  Request starting HTTP/2 GET https://localhost:7189/vendor/fonts/bootstrap-icons.woff2?dd67030699838ea613ee6dbda90effa6 - null null
2025-09-16 16:36:19.561 +05:45  INF  Request finished HTTP/2 GET https://localhost:7189/vendor/fonts/bootstrap-icons.woff2?dd67030699838ea613ee6dbda90effa6 - 404 0 null 0.8695ms
2025-09-16 16:36:19.562 +05:45  INF  Request reached the end of the middleware pipeline without being handled by application code. Request path: GET https://localhost:7189/vendor/fonts/bootstrap-icons.woff2, Response status code: 404
2025-09-16 16:36:19.576 +05:45  INF  Request starting HTTP/2 GET https://localhost:7189/vendor/fonts/bootstrap-icons.woff?dd67030699838ea613ee6dbda90effa6 - null null
2025-09-16 16:36:19.582 +05:45  INF  Request finished HTTP/2 GET https://localhost:7189/vendor/fonts/bootstrap-icons.woff?dd67030699838ea613ee6dbda90effa6 - 404 0 null 6.5479ms
2025-09-16 16:36:19.582 +05:45  INF  Request reached the end of the middleware pipeline without being handled by application code. Request path: GET https://localhost:7189/vendor/fonts/bootstrap-icons.woff, Response status code: 404
2025-09-16 16:36:21.800 +05:45  INF  Request starting HTTP/2 GET https://localhost:7189/Admin/Dashboard/forms-layouts.html - null null
2025-09-16 16:36:21.803 +05:45  INF  Request finished HTTP/2 GET https://localhost:7189/Admin/Dashboard/forms-layouts.html - 404 0 null 2.7682ms
2025-09-16 16:36:21.803 +05:45  INF  Request reached the end of the middleware pipeline without being handled by application code. Request path: GET https://localhost:7189/Admin/Dashboard/forms-layouts.html, Response status code: 404
2025-09-16 16:36:25.516 +05:45  INF  Request starting HTTP/2 GET https://localhost:7189/_framework/aspnetcore-browser-refresh.js - null null
2025-09-16 16:36:25.517 +05:45  INF  Request finished HTTP/2 GET https://localhost:7189/_framework/aspnetcore-browser-refresh.js - 200 16499 application/javascript; charset=utf-8 1.0519ms
2025-09-16 16:36:27.631 +05:45  INF  Request starting HTTP/2 GET https://localhost:7189/Admin/Dashboard/CreateorEdit - null null
2025-09-16 16:36:27.634 +05:45  INF  Executing endpoint 'HRMSmvc.Areas.Admin.Controllers.DashboardController.CreateorEdit (HRMSmvc)'
2025-09-16 16:36:27.640 +05:45  INF  Route matched with {area = "Admin", action = "CreateorEdit", controller = "Dashboard"}. Executing controller action with signature System.Threading.Tasks.Task`1[Microsoft.AspNetCore.Mvc.IActionResult] CreateorEdit(System.String) on controller HRMSmvc.Areas.Admin.Controllers.DashboardController (HRMSmvc).
2025-09-16 16:36:27.659 +05:45  ERR  Error: "Forbidden" - Forbidden while making GET request to /api/Employee/GetEmpbyID?id=
2025-09-16 16:39:46.937 +05:45  INF  User profile is available. Using 'C:\Users\ASUS\AppData\Local\ASP.NET\DataProtection-Keys' as key repository and Windows DPAPI to encrypt keys at rest.
2025-09-16 16:39:47.079 +05:45  INF  Now listening on: https://localhost:7189
2025-09-16 16:39:47.081 +05:45  INF  Now listening on: http://localhost:5227
2025-09-16 16:39:47.146 +05:45  INF  Application started. Press Ctrl+C to shut down.
2025-09-16 16:39:47.146 +05:45  INF  Hosting environment: Development
2025-09-16 16:39:47.146 +05:45  INF  Content root path: C:\Users\ASUS\Desktop\HRMS\HRMSmvc
2025-09-16 16:39:47.833 +05:45  INF  Request starting HTTP/2 GET https://localhost:7189/ - null null
2025-09-16 16:39:48.101 +05:45  INF  Executing endpoint 'HRMSmvc.Controllers.AuthController.Login (HRMSmvc)'
2025-09-16 16:39:48.179 +05:45  INF  Route matched with {action = "Login", controller = "Auth", area = ""}. Executing controller action with signature Microsoft.AspNetCore.Mvc.IActionResult Login() on controller HRMSmvc.Controllers.AuthController (HRMSmvc).
2025-09-16 16:39:48.200 +05:45  INF  Executing ViewResult, running view login.
2025-09-16 16:39:48.553 +05:45  INF  Executed ViewResult - view login executed in 361.0605ms.
2025-09-16 16:39:48.563 +05:45  INF  Executed action HRMSmvc.Controllers.AuthController.Login (HRMSmvc) in 382.8513ms
2025-09-16 16:39:48.564 +05:45  INF  Executed endpoint 'HRMSmvc.Controllers.AuthController.Login (HRMSmvc)'
2025-09-16 16:39:48.572 +05:45  INF  Request finished HTTP/2 GET https://localhost:7189/ - 200 null text/html; charset=utf-8 742.6951ms
2025-09-16 16:39:48.665 +05:45  INF  Request starting HTTP/2 GET https://localhost:7189/_framework/aspnetcore-browser-refresh.js - null null
2025-09-16 16:39:48.678 +05:45  INF  Request finished HTTP/2 GET https://localhost:7189/_framework/aspnetcore-browser-refresh.js - 200 16499 application/javascript; charset=utf-8 13.0572ms
2025-09-16 16:39:48.689 +05:45  INF  Request starting HTTP/2 GET https://localhost:7189/_vs/browserLink - null null
2025-09-16 16:39:48.801 +05:45  INF  Request finished HTTP/2 GET https://localhost:7189/_vs/browserLink - 200 null text/javascript; charset=UTF-8 111.6302ms
2025-09-16 16:40:24.798 +05:45  INF  Request starting HTTP/2 POST https://localhost:7189/ - application/x-www-form-urlencoded; charset=UTF-8 267
2025-09-16 16:40:24.801 +05:45  INF  Executing endpoint 'HRMSmvc.Controllers.AuthController.LoginAsync (HRMSmvc)'
2025-09-16 16:40:24.814 +05:45  INF  Route matched with {action = "Login", controller = "Auth", area = ""}. Executing controller action with signature System.Threading.Tasks.Task`1[Microsoft.AspNetCore.Mvc.IActionResult] LoginAsync(Domain.DTO.LoginDTO) on controller HRMSmvc.Controllers.AuthController (HRMSmvc).
2025-09-16 16:40:27.486 +05:45  INF  AuthenticationScheme: Cookies signed in.
2025-09-16 16:40:27.491 +05:45  INF  Executing JsonResult, writing value of type 'Domain.Models.ApiResponse`1[[Domain.DTO.LoginResponseDto, Domain, Version=1.0.0.0, Culture=neutral, PublicKeyToken=null]]'.
2025-09-16 16:40:27.495 +05:45  INF  Executed action HRMSmvc.Controllers.AuthController.LoginAsync (HRMSmvc) in 2681.1343ms
2025-09-16 16:40:27.496 +05:45  INF  Executed endpoint 'HRMSmvc.Controllers.AuthController.LoginAsync (HRMSmvc)'
2025-09-16 16:40:27.496 +05:45  INF  Request finished HTTP/2 POST https://localhost:7189/ - 200 null application/json; charset=utf-8 2698.7826ms
2025-09-16 16:40:28.428 +05:45  INF  Request starting HTTP/2 GET https://localhost:7189/Admin/Dashboard/Index - null null
2025-09-16 16:40:28.444 +05:45  INF  Executing endpoint 'HRMSmvc.Areas.Admin.Controllers.DashboardController.Index (HRMSmvc)'
2025-09-16 16:40:28.451 +05:45  INF  Route matched with {area = "Admin", action = "Index", controller = "Dashboard"}. Executing controller action with signature System.Threading.Tasks.Task`1[Microsoft.AspNetCore.Mvc.IActionResult] Index() on controller HRMSmvc.Areas.Admin.Controllers.DashboardController (HRMSmvc).
2025-09-16 16:40:28.495 +05:45  ERR  Error: "Forbidden" - Forbidden while making GET request to /api/Employee/GetEmp
2025-09-16 16:40:28.501 +05:45  INF  Executing ViewResult, running view Index.
2025-09-16 16:40:28.545 +05:45  INF  Executed ViewResult - view Index executed in 47.0267ms.
2025-09-16 16:40:28.550 +05:45  INF  Executed action HRMSmvc.Areas.Admin.Controllers.DashboardController.Index (HRMSmvc) in 99.2143ms
2025-09-16 16:40:28.553 +05:45  INF  Executed endpoint 'HRMSmvc.Areas.Admin.Controllers.DashboardController.Index (HRMSmvc)'
2025-09-16 16:40:28.554 +05:45  INF  Request finished HTTP/2 GET https://localhost:7189/Admin/Dashboard/Index - 200 null text/html; charset=utf-8 126.0064ms
2025-09-16 16:40:28.571 +05:45  INF  Request starting HTTP/2 GET https://localhost:7189/_vs/browserLink - null null
2025-09-16 16:40:28.573 +05:45  INF  Request starting HTTP/2 GET https://localhost:7189/_framework/aspnetcore-browser-refresh.js - null null
2025-09-16 16:40:28.579 +05:45  INF  Request finished HTTP/2 GET https://localhost:7189/_framework/aspnetcore-browser-refresh.js - 200 16499 application/javascript; charset=utf-8 6.3111ms
2025-09-16 16:40:28.593 +05:45  INF  Request finished HTTP/2 GET https://localhost:7189/_vs/browserLink - 200 null text/javascript; charset=UTF-8 22.1581ms
2025-09-16 16:40:28.639 +05:45  INF  Request starting HTTP/2 GET https://localhost:7189/vendor/fonts/bootstrap-icons.woff2?dd67030699838ea613ee6dbda90effa6 - null null
2025-09-16 16:40:28.641 +05:45  INF  Request finished HTTP/2 GET https://localhost:7189/vendor/fonts/bootstrap-icons.woff2?dd67030699838ea613ee6dbda90effa6 - 404 0 null 2.6878ms
2025-09-16 16:40:28.643 +05:45  INF  Request reached the end of the middleware pipeline without being handled by application code. Request path: GET https://localhost:7189/vendor/fonts/bootstrap-icons.woff2, Response status code: 404
2025-09-16 16:40:28.665 +05:45  INF  Request starting HTTP/2 GET https://localhost:7189/vendor/fonts/bootstrap-icons.woff?dd67030699838ea613ee6dbda90effa6 - null null
2025-09-16 16:40:28.668 +05:45  INF  Request finished HTTP/2 GET https://localhost:7189/vendor/fonts/bootstrap-icons.woff?dd67030699838ea613ee6dbda90effa6 - 404 0 null 2.4919ms
2025-09-16 16:40:28.668 +05:45  INF  Request reached the end of the middleware pipeline without being handled by application code. Request path: GET https://localhost:7189/vendor/fonts/bootstrap-icons.woff, Response status code: 404
2025-09-16 16:40:30.422 +05:45  INF  Request starting HTTP/2 GET https://localhost:7189/Admin/Dashboard/Index - null null
2025-09-16 16:40:30.433 +05:45  INF  Executing endpoint 'HRMSmvc.Areas.Admin.Controllers.DashboardController.Index (HRMSmvc)'
2025-09-16 16:40:30.433 +05:45  INF  Route matched with {area = "Admin", action = "Index", controller = "Dashboard"}. Executing controller action with signature System.Threading.Tasks.Task`1[Microsoft.AspNetCore.Mvc.IActionResult] Index() on controller HRMSmvc.Areas.Admin.Controllers.DashboardController (HRMSmvc).
2025-09-16 16:40:30.502 +05:45  ERR  Error: "Forbidden" - Forbidden while making GET request to /api/Employee/GetEmp
2025-09-16 16:40:30.503 +05:45  INF  Executing ViewResult, running view Index.
2025-09-16 16:40:30.511 +05:45  INF  Executed ViewResult - view Index executed in 8.8257ms.
2025-09-16 16:40:30.512 +05:45  INF  Executed action HRMSmvc.Areas.Admin.Controllers.DashboardController.Index (HRMSmvc) in 78.1035ms
2025-09-16 16:40:30.512 +05:45  INF  Executed endpoint 'HRMSmvc.Areas.Admin.Controllers.DashboardController.Index (HRMSmvc)'
2025-09-16 16:40:30.512 +05:45  INF  Request finished HTTP/2 GET https://localhost:7189/Admin/Dashboard/Index - 200 null text/html; charset=utf-8 90.644ms
2025-09-16 16:40:30.541 +05:45  INF  Request starting HTTP/2 GET https://localhost:7189/_vs/browserLink - null null
2025-09-16 16:40:30.550 +05:45  INF  Request starting HTTP/2 GET https://localhost:7189/_framework/aspnetcore-browser-refresh.js - null null
2025-09-16 16:40:30.551 +05:45  INF  Request finished HTTP/2 GET https://localhost:7189/_framework/aspnetcore-browser-refresh.js - 200 16499 application/javascript; charset=utf-8 1.1151ms
2025-09-16 16:40:30.564 +05:45  INF  Request finished HTTP/2 GET https://localhost:7189/_vs/browserLink - 200 null text/javascript; charset=UTF-8 23.152ms
2025-09-16 16:40:30.582 +05:45  INF  Request starting HTTP/2 GET https://localhost:7189/vendor/fonts/bootstrap-icons.woff2?dd67030699838ea613ee6dbda90effa6 - null null
2025-09-16 16:40:30.584 +05:45  INF  Request finished HTTP/2 GET https://localhost:7189/vendor/fonts/bootstrap-icons.woff2?dd67030699838ea613ee6dbda90effa6 - 404 0 null 2.3912ms
2025-09-16 16:40:30.584 +05:45  INF  Request reached the end of the middleware pipeline without being handled by application code. Request path: GET https://localhost:7189/vendor/fonts/bootstrap-icons.woff2, Response status code: 404
2025-09-16 16:40:30.600 +05:45  INF  Request starting HTTP/2 GET https://localhost:7189/vendor/fonts/bootstrap-icons.woff?dd67030699838ea613ee6dbda90effa6 - null null
2025-09-16 16:40:30.602 +05:45  INF  Request finished HTTP/2 GET https://localhost:7189/vendor/fonts/bootstrap-icons.woff?dd67030699838ea613ee6dbda90effa6 - 404 0 null 1.8775ms
2025-09-16 16:40:30.603 +05:45  INF  Request reached the end of the middleware pipeline without being handled by application code. Request path: GET https://localhost:7189/vendor/fonts/bootstrap-icons.woff, Response status code: 404
2025-09-16 16:40:33.112 +05:45  INF  Request starting HTTP/2 GET https://localhost:7189/Admin/Dashboard/CreateorEdit - null null
2025-09-16 16:40:33.116 +05:45  INF  Executing endpoint 'HRMSmvc.Areas.Admin.Controllers.DashboardController.CreateorEdit (HRMSmvc)'
2025-09-16 16:40:33.123 +05:45  INF  Route matched with {area = "Admin", action = "CreateorEdit", controller = "Dashboard"}. Executing controller action with signature System.Threading.Tasks.Task`1[Microsoft.AspNetCore.Mvc.IActionResult] CreateorEdit(System.String) on controller HRMSmvc.Areas.Admin.Controllers.DashboardController (HRMSmvc).
2025-09-16 16:40:33.190 +05:45  ERR  Error: "Forbidden" - Forbidden while making GET request to /api/Employee/GetEmpbyID?id=
2025-09-16 16:40:43.905 +05:45  INF  Executed action HRMSmvc.Areas.Admin.Controllers.DashboardController.CreateorEdit (HRMSmvc) in 10781.1762ms
2025-09-16 16:40:43.906 +05:45  INF  Executed endpoint 'HRMSmvc.Areas.Admin.Controllers.DashboardController.CreateorEdit (HRMSmvc)'
2025-09-16 16:40:43.909 +05:45  ERR  An unhandled exception has occurred while executing the request.System.NullReferenceException: Object reference not set to an instance of an object.
   at HRMSmvc.Areas.Admin.Controllers.DashboardController.CreateorEdit(String Id) in C:\Users\ASUS\Desktop\HRMS\HRMSmvc\Areas\Admin\Controllers\DashboardController.cs:line 53
   at Microsoft.AspNetCore.Mvc.Infrastructure.ActionMethodExecutor.TaskOfIActionResultExecutor.Execute(ActionContext actionContext, IActionResultTypeMapper mapper, ObjectMethodExecutor executor, Object controller, Object[] arguments)
   at Microsoft.AspNetCore.Mvc.Infrastructure.ControllerActionInvoker.<InvokeActionMethodAsync>g__Awaited|12_0(ControllerActionInvoker invoker, ValueTask`1 actionResultValueTask)
   at Microsoft.AspNetCore.Mvc.Infrastructure.ControllerActionInvoker.<InvokeNextActionFilterAsync>g__Awaited|10_0(ControllerActionInvoker invoker, Task lastTask, State next, Scope scope, Object state, Boolean isCompleted)
   at Microsoft.AspNetCore.Mvc.Infrastructure.ControllerActionInvoker.Rethrow(ActionExecutedContextSealed context)
   at Microsoft.AspNetCore.Mvc.Infrastructure.ControllerActionInvoker.Next(State& next, Scope& scope, Object& state, Boolean& isCompleted)
   at Microsoft.AspNetCore.Mvc.Infrastructure.ControllerActionInvoker.<InvokeInnerFilterAsync>g__Awaited|13_0(ControllerActionInvoker invoker, Task lastTask, State next, Scope scope, Object state, Boolean isCompleted)
   at Microsoft.AspNetCore.Mvc.Infrastructure.ResourceInvoker.<InvokeNextResourceFilter>g__Awaited|25_0(ResourceInvoker invoker, Task lastTask, State next, Scope scope, Object state, Boolean isCompleted)
   at Microsoft.AspNetCore.Mvc.Infrastructure.ResourceInvoker.Rethrow(ResourceExecutedContextSealed context)
   at Microsoft.AspNetCore.Mvc.Infrastructure.ResourceInvoker.Next(State& next, Scope& scope, Object& state, Boolean& isCompleted)
   at Microsoft.AspNetCore.Mvc.Infrastructure.ResourceInvoker.<InvokeFilterPipelineAsync>g__Awaited|20_0(ResourceInvoker invoker, Task lastTask, State next, Scope scope, Object state, Boolean isCompleted)
   at Microsoft.AspNetCore.Mvc.Infrastructure.ResourceInvoker.<InvokeAsync>g__Logged|17_1(ResourceInvoker invoker)
   at Microsoft.AspNetCore.Mvc.Infrastructure.ResourceInvoker.<InvokeAsync>g__Logged|17_1(ResourceInvoker invoker)
   at Microsoft.AspNetCore.Routing.EndpointMiddleware.<Invoke>g__AwaitRequestTask|7_0(Endpoint endpoint, Task requestTask, ILogger logger)
   at Microsoft.AspNetCore.Authorization.AuthorizationMiddleware.Invoke(HttpContext context)
   at Microsoft.AspNetCore.Authentication.AuthenticationMiddleware.Invoke(HttpContext context)
   at Microsoft.AspNetCore.Session.SessionMiddleware.Invoke(HttpContext context)
   at Microsoft.AspNetCore.Session.SessionMiddleware.Invoke(HttpContext context)
   at Microsoft.AspNetCore.Diagnostics.DeveloperExceptionPageMiddlewareImpl.Invoke(HttpContext context)

2025-09-16 16:40:44.048 +05:45  INF  Request finished HTTP/2 GET https://localhost:7189/Admin/Dashboard/CreateorEdit - 500 null text/html; charset=utf-8 10935.9913ms
2025-09-16 16:40:44.063 +05:45  INF  Request starting HTTP/2 GET https://localhost:7189/_vs/browserLink - null null
2025-09-16 16:40:44.066 +05:45  INF  Request starting HTTP/2 GET https://localhost:7189/_framework/aspnetcore-browser-refresh.js - null null
2025-09-16 16:40:44.067 +05:45  INF  Request finished HTTP/2 GET https://localhost:7189/_framework/aspnetcore-browser-refresh.js - 200 16499 application/javascript; charset=utf-8 1.1432ms
2025-09-16 16:40:44.075 +05:45  INF  Request finished HTTP/2 GET https://localhost:7189/_vs/browserLink - 200 null text/javascript; charset=UTF-8 11.6744ms
2025-09-16 16:40:50.425 +05:45  INF  Request starting HTTP/2 GET https://localhost:7189/_framework/aspnetcore-browser-refresh.js - null null
2025-09-16 16:40:50.426 +05:45  INF  Request finished HTTP/2 GET https://localhost:7189/_framework/aspnetcore-browser-refresh.js - 200 16499 application/javascript; charset=utf-8 0.8724ms
2025-09-16 16:40:58.279 +05:45  INF  Request starting HTTP/2 GET https://localhost:7189/Admin/Dashboard/Index - null null
2025-09-16 16:40:58.285 +05:45  INF  Executing endpoint 'HRMSmvc.Areas.Admin.Controllers.DashboardController.Index (HRMSmvc)'
2025-09-16 16:40:58.286 +05:45  INF  Route matched with {area = "Admin", action = "Index", controller = "Dashboard"}. Executing controller action with signature System.Threading.Tasks.Task`1[Microsoft.AspNetCore.Mvc.IActionResult] Index() on controller HRMSmvc.Areas.Admin.Controllers.DashboardController (HRMSmvc).
2025-09-16 16:40:58.347 +05:45  ERR  Error: "Forbidden" - Forbidden while making GET request to /api/Employee/GetEmp
2025-09-16 16:40:58.348 +05:45  INF  Executing ViewResult, running view Index.
2025-09-16 16:40:58.354 +05:45  INF  Executed ViewResult - view Index executed in 6.8068ms.
2025-09-16 16:40:58.355 +05:45  INF  Executed action HRMSmvc.Areas.Admin.Controllers.DashboardController.Index (HRMSmvc) in 69.343ms
2025-09-16 16:40:58.355 +05:45  INF  Executed endpoint 'HRMSmvc.Areas.Admin.Controllers.DashboardController.Index (HRMSmvc)'
2025-09-16 16:40:58.355 +05:45  INF  Request finished HTTP/2 GET https://localhost:7189/Admin/Dashboard/Index - 200 null text/html; charset=utf-8 76.4321ms
2025-09-16 16:40:58.389 +05:45  INF  Request starting HTTP/2 GET https://localhost:7189/_framework/aspnetcore-browser-refresh.js - null null
2025-09-16 16:40:58.391 +05:45  INF  Request finished HTTP/2 GET https://localhost:7189/_framework/aspnetcore-browser-refresh.js - 200 16499 application/javascript; charset=utf-8 1.7481ms
2025-09-16 16:40:58.391 +05:45  INF  Request starting HTTP/2 GET https://localhost:7189/_vs/browserLink - null null
2025-09-16 16:40:58.410 +05:45  INF  Request finished HTTP/2 GET https://localhost:7189/_vs/browserLink - 200 null text/javascript; charset=UTF-8 18.8348ms
2025-09-16 16:40:58.450 +05:45  INF  Request starting HTTP/2 GET https://localhost:7189/vendor/fonts/bootstrap-icons.woff2?dd67030699838ea613ee6dbda90effa6 - null null
2025-09-16 16:40:58.451 +05:45  INF  Request finished HTTP/2 GET https://localhost:7189/vendor/fonts/bootstrap-icons.woff2?dd67030699838ea613ee6dbda90effa6 - 404 0 null 1.2645ms
2025-09-16 16:40:58.452 +05:45  INF  Request reached the end of the middleware pipeline without being handled by application code. Request path: GET https://localhost:7189/vendor/fonts/bootstrap-icons.woff2, Response status code: 404
2025-09-16 16:40:58.467 +05:45  INF  Request starting HTTP/2 GET https://localhost:7189/vendor/fonts/bootstrap-icons.woff?dd67030699838ea613ee6dbda90effa6 - null null
2025-09-16 16:40:58.469 +05:45  INF  Request finished HTTP/2 GET https://localhost:7189/vendor/fonts/bootstrap-icons.woff?dd67030699838ea613ee6dbda90effa6 - 404 0 null 1.5998ms
2025-09-16 16:40:58.469 +05:45  INF  Request reached the end of the middleware pipeline without being handled by application code. Request path: GET https://localhost:7189/vendor/fonts/bootstrap-icons.woff, Response status code: 404
2025-09-16 16:41:01.519 +05:45  INF  Request starting HTTP/2 GET https://localhost:7189/Admin/Dashboard/CreateorEdit - null null
2025-09-16 16:41:01.525 +05:45  INF  Executing endpoint 'HRMSmvc.Areas.Admin.Controllers.DashboardController.CreateorEdit (HRMSmvc)'
2025-09-16 16:41:01.525 +05:45  INF  Route matched with {area = "Admin", action = "CreateorEdit", controller = "Dashboard"}. Executing controller action with signature System.Threading.Tasks.Task`1[Microsoft.AspNetCore.Mvc.IActionResult] CreateorEdit(System.String) on controller HRMSmvc.Areas.Admin.Controllers.DashboardController (HRMSmvc).
2025-09-16 16:41:01.565 +05:45  ERR  Error: "Forbidden" - Forbidden while making GET request to /api/Employee/GetEmpbyID?id=
2025-09-16 16:41:12.433 +05:45  INF  Executed action HRMSmvc.Areas.Admin.Controllers.DashboardController.CreateorEdit (HRMSmvc) in 10908.15ms
2025-09-16 16:41:12.434 +05:45  INF  Executed endpoint 'HRMSmvc.Areas.Admin.Controllers.DashboardController.CreateorEdit (HRMSmvc)'
2025-09-16 16:41:12.434 +05:45  ERR  An unhandled exception has occurred while executing the request.System.NullReferenceException: Object reference not set to an instance of an object.
   at HRMSmvc.Areas.Admin.Controllers.DashboardController.CreateorEdit(String Id) in C:\Users\ASUS\Desktop\HRMS\HRMSmvc\Areas\Admin\Controllers\DashboardController.cs:line 53
   at Microsoft.AspNetCore.Mvc.Infrastructure.ActionMethodExecutor.TaskOfIActionResultExecutor.Execute(ActionContext actionContext, IActionResultTypeMapper mapper, ObjectMethodExecutor executor, Object controller, Object[] arguments)
   at Microsoft.AspNetCore.Mvc.Infrastructure.ControllerActionInvoker.<InvokeActionMethodAsync>g__Awaited|12_0(ControllerActionInvoker invoker, ValueTask`1 actionResultValueTask)
   at Microsoft.AspNetCore.Mvc.Infrastructure.ControllerActionInvoker.<InvokeNextActionFilterAsync>g__Awaited|10_0(ControllerActionInvoker invoker, Task lastTask, State next, Scope scope, Object state, Boolean isCompleted)
   at Microsoft.AspNetCore.Mvc.Infrastructure.ControllerActionInvoker.Rethrow(ActionExecutedContextSealed context)
   at Microsoft.AspNetCore.Mvc.Infrastructure.ControllerActionInvoker.Next(State& next, Scope& scope, Object& state, Boolean& isCompleted)
   at Microsoft.AspNetCore.Mvc.Infrastructure.ControllerActionInvoker.<InvokeInnerFilterAsync>g__Awaited|13_0(ControllerActionInvoker invoker, Task lastTask, State next, Scope scope, Object state, Boolean isCompleted)
   at Microsoft.AspNetCore.Mvc.Infrastructure.ResourceInvoker.<InvokeNextResourceFilter>g__Awaited|25_0(ResourceInvoker invoker, Task lastTask, State next, Scope scope, Object state, Boolean isCompleted)
   at Microsoft.AspNetCore.Mvc.Infrastructure.ResourceInvoker.Rethrow(ResourceExecutedContextSealed context)
   at Microsoft.AspNetCore.Mvc.Infrastructure.ResourceInvoker.Next(State& next, Scope& scope, Object& state, Boolean& isCompleted)
   at Microsoft.AspNetCore.Mvc.Infrastructure.ResourceInvoker.<InvokeFilterPipelineAsync>g__Awaited|20_0(ResourceInvoker invoker, Task lastTask, State next, Scope scope, Object state, Boolean isCompleted)
   at Microsoft.AspNetCore.Mvc.Infrastructure.ResourceInvoker.<InvokeAsync>g__Logged|17_1(ResourceInvoker invoker)
   at Microsoft.AspNetCore.Mvc.Infrastructure.ResourceInvoker.<InvokeAsync>g__Logged|17_1(ResourceInvoker invoker)
   at Microsoft.AspNetCore.Routing.EndpointMiddleware.<Invoke>g__AwaitRequestTask|7_0(Endpoint endpoint, Task requestTask, ILogger logger)
   at Microsoft.AspNetCore.Authorization.AuthorizationMiddleware.Invoke(HttpContext context)
   at Microsoft.AspNetCore.Authentication.AuthenticationMiddleware.Invoke(HttpContext context)
   at Microsoft.AspNetCore.Session.SessionMiddleware.Invoke(HttpContext context)
   at Microsoft.AspNetCore.Session.SessionMiddleware.Invoke(HttpContext context)
   at Microsoft.AspNetCore.Diagnostics.DeveloperExceptionPageMiddlewareImpl.Invoke(HttpContext context)

2025-09-16 16:41:12.438 +05:45  INF  Request finished HTTP/2 GET https://localhost:7189/Admin/Dashboard/CreateorEdit - 500 null text/html; charset=utf-8 10919.0982ms
2025-09-16 16:41:12.454 +05:45  INF  Request starting HTTP/2 GET https://localhost:7189/_framework/aspnetcore-browser-refresh.js - null null
2025-09-16 16:41:12.454 +05:45  INF  Request starting HTTP/2 GET https://localhost:7189/_vs/browserLink - null null
2025-09-16 16:41:12.455 +05:45  INF  Request finished HTTP/2 GET https://localhost:7189/_framework/aspnetcore-browser-refresh.js - 200 16499 application/javascript; charset=utf-8 0.8744ms
2025-09-16 16:41:12.463 +05:45  INF  Request finished HTTP/2 GET https://localhost:7189/_vs/browserLink - 200 null text/javascript; charset=UTF-8 9.5307ms
