2025-09-24 14:15:49.008 +05:45  INF  User profile is available. Using 'C:\Users\ASUS\AppData\Local\ASP.NET\DataProtection-Keys' as key repository and Windows DPAPI to encrypt keys at rest.
2025-09-24 14:15:49.188 +05:45  INF  Now listening on: https://localhost:7189
2025-09-24 14:15:49.189 +05:45  INF  Now listening on: http://localhost:5227
2025-09-24 14:15:49.243 +05:45  INF  Application started. Press Ctrl+C to shut down.
2025-09-24 14:15:49.243 +05:45  INF  Hosting environment: Development
2025-09-24 14:15:49.243 +05:45  INF  Content root path: C:\Users\ASUS\Desktop\HRMS\HRMSmvc
2025-09-24 14:15:50.830 +05:45  INF  Request starting HTTP/2 GET https://localhost:7189/ - null null
2025-09-24 14:15:51.035 +05:45  INF  Executing endpoint 'HRMSmvc.Controllers.AuthController.Login (HRMSmvc)'
2025-09-24 14:15:51.091 +05:45  INF  Route matched with {action = "Login", controller = "Auth", area = ""}. Executing controller action with signature Microsoft.AspNetCore.Mvc.IActionResult Login() on controller HRMSmvc.Controllers.AuthController (HRMSmvc).
2025-09-24 14:15:51.118 +05:45  INF  Executing ViewResult, running view login.
2025-09-24 14:15:51.233 +05:45  INF  Executed ViewResult - view login executed in 123.4942ms.
2025-09-24 14:15:51.238 +05:45  INF  Executed action HRMSmvc.Controllers.AuthController.Login (HRMSmvc) in 145.1598ms
2025-09-24 14:15:51.239 +05:45  INF  Executed endpoint 'HRMSmvc.Controllers.AuthController.Login (HRMSmvc)'
2025-09-24 14:15:51.247 +05:45  INF  Request finished HTTP/2 GET https://localhost:7189/ - 200 null text/html; charset=utf-8 420.0477ms
2025-09-24 14:15:51.386 +05:45  INF  Request starting HTTP/2 GET https://localhost:7189/js/main.js - null null
2025-09-24 14:15:51.394 +05:45  INF  Request starting HTTP/2 GET https://localhost:7189/_framework/aspnetcore-browser-refresh.js - null null
2025-09-24 14:15:51.404 +05:45  INF  Request finished HTTP/2 GET https://localhost:7189/_framework/aspnetcore-browser-refresh.js - 200 16499 application/javascript; charset=utf-8 9.5636ms
2025-09-24 14:15:51.404 +05:45  INF  The file /js/main.js was not modified
2025-09-24 14:15:51.406 +05:45  INF  Request finished HTTP/2 GET https://localhost:7189/js/main.js - 304 null text/javascript 20.1915ms
2025-09-24 14:15:51.424 +05:45  INF  Request starting HTTP/2 GET https://localhost:7189/_vs/browserLink - null null
2025-09-24 14:15:51.617 +05:45  INF  Request finished HTTP/2 GET https://localhost:7189/_vs/browserLink - 200 null text/javascript; charset=UTF-8 192.7887ms
2025-09-24 16:14:06.742 +05:45  INF  User profile is available. Using 'C:\Users\ASUS\AppData\Local\ASP.NET\DataProtection-Keys' as key repository and Windows DPAPI to encrypt keys at rest.
2025-09-24 16:14:07.290 +05:45  INF  Now listening on: https://localhost:7189
2025-09-24 16:14:07.291 +05:45  INF  Now listening on: http://localhost:5227
2025-09-24 16:14:07.394 +05:45  INF  Application started. Press Ctrl+C to shut down.
2025-09-24 16:14:07.394 +05:45  INF  Hosting environment: Development
2025-09-24 16:14:07.394 +05:45  INF  Content root path: C:\Users\ASUS\Desktop\HRMS\HRMSmvc
2025-09-24 16:14:09.069 +05:45  INF  Request starting HTTP/2 GET https://localhost:7189/ - null null
2025-09-24 16:14:09.300 +05:45  INF  Executing endpoint 'HRMSmvc.Controllers.AuthController.Login (HRMSmvc)'
2025-09-24 16:14:09.363 +05:45  INF  Route matched with {action = "Login", controller = "Auth", area = ""}. Executing controller action with signature Microsoft.AspNetCore.Mvc.IActionResult Login() on controller HRMSmvc.Controllers.AuthController (HRMSmvc).
2025-09-24 16:14:09.387 +05:45  INF  Executing ViewResult, running view login.
2025-09-24 16:14:09.588 +05:45  INF  Executed ViewResult - view login executed in 206.4301ms.
2025-09-24 16:14:09.595 +05:45  INF  Executed action HRMSmvc.Controllers.AuthController.Login (HRMSmvc) in 230.9424ms
2025-09-24 16:14:09.595 +05:45  INF  Executed endpoint 'HRMSmvc.Controllers.AuthController.Login (HRMSmvc)'
2025-09-24 16:14:09.604 +05:45  INF  Request finished HTTP/2 GET https://localhost:7189/ - 200 null text/html; charset=utf-8 574.3405ms
2025-09-24 16:14:09.780 +05:45  INF  Request starting HTTP/2 GET https://localhost:7189/_framework/aspnetcore-browser-refresh.js - null null
2025-09-24 16:14:09.856 +05:45  INF  Request starting HTTP/2 GET https://localhost:7189/_vs/browserLink - null null
2025-09-24 16:14:09.920 +05:45  INF  Request finished HTTP/2 GET https://localhost:7189/_framework/aspnetcore-browser-refresh.js - 200 16499 application/javascript; charset=utf-8 139.6761ms
2025-09-24 16:14:10.004 +05:45  INF  Request finished HTTP/2 GET https://localhost:7189/_vs/browserLink - 200 null text/javascript; charset=UTF-8 148.9945ms
2025-09-24 16:14:39.357 +05:45  INF  Request starting HTTP/2 POST https://localhost:7189/ - application/x-www-form-urlencoded; charset=UTF-8 224
2025-09-24 16:14:39.360 +05:45  INF  Executing endpoint 'HRMSmvc.Controllers.AuthController.LoginAsync (HRMSmvc)'
2025-09-24 16:14:39.377 +05:45  INF  Route matched with {action = "Login", controller = "Auth", area = ""}. Executing controller action with signature System.Threading.Tasks.Task`1[Microsoft.AspNetCore.Mvc.IActionResult] LoginAsync(Domain.DTO.LoginDTO) on controller HRMSmvc.Controllers.AuthController (HRMSmvc).
2025-09-24 16:14:43.636 +05:45  INF  AuthenticationScheme: Cookies signed in.
2025-09-24 16:14:43.704 +05:45  INF  Executing JsonResult, writing value of type 'Domain.Models.ApiResponse`1[[Domain.DTO.LoginResponseDto, Domain, Version=1.0.0.0, Culture=neutral, PublicKeyToken=null]]'.
2025-09-24 16:14:43.710 +05:45  INF  Executed action HRMSmvc.Controllers.AuthController.LoginAsync (HRMSmvc) in 4332.5562ms
2025-09-24 16:14:43.710 +05:45  INF  Executed endpoint 'HRMSmvc.Controllers.AuthController.LoginAsync (HRMSmvc)'
2025-09-24 16:14:43.710 +05:45  INF  Request finished HTTP/2 POST https://localhost:7189/ - 200 null application/json; charset=utf-8 4353.5572ms
2025-09-24 16:14:47.552 +05:45  INF  Request starting HTTP/2 GET https://localhost:7189/Admin/Dashboard/Index - null null
2025-09-24 16:14:47.567 +05:45  INF  Executing endpoint 'HRMSmvc.Areas.Admin.Controllers.DashboardController.Index (HRMSmvc)'
2025-09-24 16:14:47.573 +05:45  INF  Route matched with {area = "Admin", action = "Index", controller = "Dashboard"}. Executing controller action with signature System.Threading.Tasks.Task`1[Microsoft.AspNetCore.Mvc.IActionResult] Index() on controller HRMSmvc.Areas.Admin.Controllers.DashboardController (HRMSmvc).
2025-09-24 16:14:48.213 +05:45  INF  Executing ViewResult, running view Index.
2025-09-24 16:14:48.339 +05:45  INF  Executed ViewResult - view Index executed in 126.5068ms.
2025-09-24 16:14:48.339 +05:45  INF  Executed action HRMSmvc.Areas.Admin.Controllers.DashboardController.Index (HRMSmvc) in 766.1052ms
2025-09-24 16:14:48.339 +05:45  INF  Executed endpoint 'HRMSmvc.Areas.Admin.Controllers.DashboardController.Index (HRMSmvc)'
2025-09-24 16:14:48.339 +05:45  INF  Request finished HTTP/2 GET https://localhost:7189/Admin/Dashboard/Index - 200 null text/html; charset=utf-8 786.9833ms
2025-09-24 16:14:48.450 +05:45  INF  Request starting HTTP/2 GET https://localhost:7189/_framework/aspnetcore-browser-refresh.js - null null
2025-09-24 16:14:48.451 +05:45  INF  Request finished HTTP/2 GET https://localhost:7189/_framework/aspnetcore-browser-refresh.js - 200 16499 application/javascript; charset=utf-8 1.4576ms
2025-09-24 16:14:48.502 +05:45  INF  Request starting HTTP/2 GET https://localhost:7189/_vs/browserLink - null null
2025-09-24 16:14:48.527 +05:45  INF  Request finished HTTP/2 GET https://localhost:7189/_vs/browserLink - 200 null text/javascript; charset=UTF-8 25.6558ms
2025-09-24 16:14:48.665 +05:45  INF  Request starting HTTP/2 GET https://localhost:7189/vendor/fonts/bootstrap-icons.woff2?dd67030699838ea613ee6dbda90effa6 - null null
2025-09-24 16:14:48.669 +05:45  INF  Request finished HTTP/2 GET https://localhost:7189/vendor/fonts/bootstrap-icons.woff2?dd67030699838ea613ee6dbda90effa6 - 404 0 null 4.3462ms
2025-09-24 16:14:48.712 +05:45  INF  Request reached the end of the middleware pipeline without being handled by application code. Request path: GET https://localhost:7189/vendor/fonts/bootstrap-icons.woff2, Response status code: 404
2025-09-24 16:14:48.811 +05:45  INF  Request starting HTTP/2 GET https://localhost:7189/vendor/fonts/bootstrap-icons.woff?dd67030699838ea613ee6dbda90effa6 - null null
2025-09-24 16:14:48.812 +05:45  INF  Request finished HTTP/2 GET https://localhost:7189/vendor/fonts/bootstrap-icons.woff?dd67030699838ea613ee6dbda90effa6 - 404 0 null 1.1386ms
2025-09-24 16:14:48.813 +05:45  INF  Request reached the end of the middleware pipeline without being handled by application code. Request path: GET https://localhost:7189/vendor/fonts/bootstrap-icons.woff, Response status code: 404
