2025-09-19 12:21:03.912 +05:45  INF  User profile is available. Using 'C:\Users\ASUS\AppData\Local\ASP.NET\DataProtection-Keys' as key repository and Windows DPAPI to encrypt keys at rest.
2025-09-19 12:21:04.105 +05:45  INF  Now listening on: https://localhost:7189
2025-09-19 12:21:04.106 +05:45  INF  Now listening on: http://localhost:5227
2025-09-19 12:21:04.194 +05:45  INF  Application started. Press Ctrl+C to shut down.
2025-09-19 12:21:04.194 +05:45  INF  Hosting environment: Development
2025-09-19 12:21:04.194 +05:45  INF  Content root path: C:\Users\ASUS\Desktop\HRMS\HRMSmvc
2025-09-19 12:21:05.378 +05:45  INF  Request starting HTTP/2 GET https://localhost:7189/ - null null
2025-09-19 12:21:05.905 +05:45  INF  Executing endpoint 'HRMSmvc.Controllers.AuthController.Login (HRMSmvc)'
2025-09-19 12:21:05.962 +05:45  INF  Route matched with {action = "Login", controller = "Auth", area = ""}. Executing controller action with signature Microsoft.AspNetCore.Mvc.IActionResult Login() on controller HRMSmvc.Controllers.AuthController (HRMSmvc).
2025-09-19 12:21:05.998 +05:45  INF  Executing ViewResult, running view login.
2025-09-19 12:21:06.324 +05:45  INF  Request starting HTTP/2 GET https://localhost:7189/js/main.js - null null
2025-09-19 12:21:06.327 +05:45  INF  Request starting HTTP/2 GET https://localhost:7189/_framework/aspnetcore-browser-refresh.js - null null
2025-09-19 12:21:06.332 +05:45  INF  Executed ViewResult - view login executed in 348.2198ms.
2025-09-19 12:21:06.350 +05:45  INF  Request finished HTTP/2 GET https://localhost:7189/_framework/aspnetcore-browser-refresh.js - 200 16499 application/javascript; charset=utf-8 19.2757ms
2025-09-19 12:21:06.354 +05:45  INF  Executed action HRMSmvc.Controllers.AuthController.Login (HRMSmvc) in 391.0806ms
2025-09-19 12:21:06.355 +05:45  INF  Executed endpoint 'HRMSmvc.Controllers.AuthController.Login (HRMSmvc)'
2025-09-19 12:21:06.362 +05:45  INF  Request finished HTTP/2 GET https://localhost:7189/ - 200 null text/html; charset=utf-8 987.0974ms
2025-09-19 12:21:06.460 +05:45  INF  Sending file. Request path: '/js/main.js'. Physical path: 'C:\Users\ASUS\Desktop\HRMS\HRMSmvc\wwwroot\js\main.js'
2025-09-19 12:21:06.460 +05:45  INF  Request finished HTTP/2 GET https://localhost:7189/js/main.js - 200 9966 text/javascript 135.9812ms
2025-09-19 12:21:06.464 +05:45  INF  Request starting HTTP/2 GET https://localhost:7189/_vs/browserLink - null null
2025-09-19 12:21:06.510 +05:45  INF  Request finished HTTP/2 GET https://localhost:7189/_vs/browserLink - 200 null text/javascript; charset=UTF-8 45.5668ms
2025-09-19 12:21:29.222 +05:45  INF  Request starting HTTP/2 POST https://localhost:7189/ - application/x-www-form-urlencoded; charset=UTF-8 224
2025-09-19 12:21:29.225 +05:45  INF  Executing endpoint 'HRMSmvc.Controllers.AuthController.LoginAsync (HRMSmvc)'
2025-09-19 12:21:29.239 +05:45  INF  Route matched with {action = "Login", controller = "Auth", area = ""}. Executing controller action with signature System.Threading.Tasks.Task`1[Microsoft.AspNetCore.Mvc.IActionResult] LoginAsync(Domain.DTO.LoginDTO) on controller HRMSmvc.Controllers.AuthController (HRMSmvc).
2025-09-19 12:21:38.515 +05:45  INF  Request starting HTTP/2 POST https://localhost:7189/ - application/x-www-form-urlencoded; charset=UTF-8 224
2025-09-19 12:21:38.553 +05:45  INF  Executing endpoint 'HRMSmvc.Controllers.AuthController.LoginAsync (HRMSmvc)'
2025-09-19 12:21:38.554 +05:45  INF  Route matched with {action = "Login", controller = "Auth", area = ""}. Executing controller action with signature System.Threading.Tasks.Task`1[Microsoft.AspNetCore.Mvc.IActionResult] LoginAsync(Domain.DTO.LoginDTO) on controller HRMSmvc.Controllers.AuthController (HRMSmvc).
2025-09-19 12:21:47.006 +05:45  INF  AuthenticationScheme: Cookies signed in.
2025-09-19 12:21:47.006 +05:45  INF  AuthenticationScheme: Cookies signed in.
2025-09-19 12:21:47.011 +05:45  INF  Executing JsonResult, writing value of type 'Domain.Models.ApiResponse`1[[Domain.DTO.LoginResponseDto, Domain, Version=1.0.0.0, Culture=neutral, PublicKeyToken=null]]'.
2025-09-19 12:21:47.011 +05:45  INF  Executing JsonResult, writing value of type 'Domain.Models.ApiResponse`1[[Domain.DTO.LoginResponseDto, Domain, Version=1.0.0.0, Culture=neutral, PublicKeyToken=null]]'.
2025-09-19 12:21:47.016 +05:45  INF  Executed action HRMSmvc.Controllers.AuthController.LoginAsync (HRMSmvc) in 8461.6738ms
2025-09-19 12:21:47.016 +05:45  INF  Executed action HRMSmvc.Controllers.AuthController.LoginAsync (HRMSmvc) in 17776.7006ms
2025-09-19 12:21:47.016 +05:45  INF  Executed endpoint 'HRMSmvc.Controllers.AuthController.LoginAsync (HRMSmvc)'
2025-09-19 12:21:47.016 +05:45  INF  Executed endpoint 'HRMSmvc.Controllers.AuthController.LoginAsync (HRMSmvc)'
2025-09-19 12:21:47.016 +05:45  INF  Request finished HTTP/2 POST https://localhost:7189/ - 200 null application/json; charset=utf-8 8502.6448ms
2025-09-19 12:21:47.016 +05:45  INF  Request finished HTTP/2 POST https://localhost:7189/ - 200 null application/json; charset=utf-8 17794.0784ms
2025-09-19 12:21:47.993 +05:45  INF  Request starting HTTP/2 GET https://localhost:7189/Admin/Dashboard/Index - null null
2025-09-19 12:21:48.033 +05:45  INF  Executing endpoint 'HRMSmvc.Areas.Admin.Controllers.DashboardController.Index (HRMSmvc)'
2025-09-19 12:21:48.052 +05:45  INF  Route matched with {area = "Admin", action = "Index", controller = "Dashboard"}. Executing controller action with signature System.Threading.Tasks.Task`1[Microsoft.AspNetCore.Mvc.IActionResult] Index() on controller HRMSmvc.Areas.Admin.Controllers.DashboardController (HRMSmvc).
2025-09-19 12:21:48.389 +05:45  INF  Executing ViewResult, running view Index.
2025-09-19 12:21:48.418 +05:45  INF  Executed ViewResult - view Index executed in 29.1935ms.
2025-09-19 12:21:48.418 +05:45  INF  Executed action HRMSmvc.Areas.Admin.Controllers.DashboardController.Index (HRMSmvc) in 365.698ms
2025-09-19 12:21:48.418 +05:45  INF  Executed endpoint 'HRMSmvc.Areas.Admin.Controllers.DashboardController.Index (HRMSmvc)'
2025-09-19 12:21:48.418 +05:45  INF  Request finished HTTP/2 GET https://localhost:7189/Admin/Dashboard/Index - 200 null text/html; charset=utf-8 425.4659ms
2025-09-19 12:21:48.451 +05:45  INF  Request starting HTTP/2 GET https://localhost:7189/_framework/aspnetcore-browser-refresh.js - null null
2025-09-19 12:21:48.452 +05:45  INF  Request finished HTTP/2 GET https://localhost:7189/_framework/aspnetcore-browser-refresh.js - 200 16499 application/javascript; charset=utf-8 0.932ms
2025-09-19 12:21:48.453 +05:45  INF  Request starting HTTP/2 GET https://localhost:7189/_vs/browserLink - null null
2025-09-19 12:21:48.471 +05:45  INF  Request finished HTTP/2 GET https://localhost:7189/_vs/browserLink - 200 null text/javascript; charset=UTF-8 18.5582ms
2025-09-19 12:21:48.517 +05:45  INF  Request starting HTTP/2 GET https://localhost:7189/vendor/fonts/bootstrap-icons.woff2?dd67030699838ea613ee6dbda90effa6 - null null
2025-09-19 12:21:48.520 +05:45  INF  Request finished HTTP/2 GET https://localhost:7189/vendor/fonts/bootstrap-icons.woff2?dd67030699838ea613ee6dbda90effa6 - 404 0 null 3.2811ms
2025-09-19 12:21:48.521 +05:45  INF  Request reached the end of the middleware pipeline without being handled by application code. Request path: GET https://localhost:7189/vendor/fonts/bootstrap-icons.woff2, Response status code: 404
2025-09-19 12:21:48.540 +05:45  INF  Request starting HTTP/2 GET https://localhost:7189/vendor/fonts/bootstrap-icons.woff?dd67030699838ea613ee6dbda90effa6 - null null
2025-09-19 12:21:48.541 +05:45  INF  Request finished HTTP/2 GET https://localhost:7189/vendor/fonts/bootstrap-icons.woff?dd67030699838ea613ee6dbda90effa6 - 404 0 null 1.0012ms
2025-09-19 12:21:48.541 +05:45  INF  Request reached the end of the middleware pipeline without being handled by application code. Request path: GET https://localhost:7189/vendor/fonts/bootstrap-icons.woff, Response status code: 404
2025-09-19 12:23:13.747 +05:45  INF  Request starting HTTP/2 GET https://localhost:7189/Admin/Dashboard/CreateorEdit - null null
2025-09-19 12:23:13.787 +05:45  INF  Executing endpoint 'HRMSmvc.Areas.Admin.Controllers.DashboardController.CreateorEdit (HRMSmvc)'
2025-09-19 12:23:13.798 +05:45  INF  Route matched with {area = "Admin", action = "CreateorEdit", controller = "Dashboard"}. Executing controller action with signature System.Threading.Tasks.Task`1[Microsoft.AspNetCore.Mvc.IActionResult] CreateorEdit(System.String) on controller HRMSmvc.Areas.Admin.Controllers.DashboardController (HRMSmvc).
2025-09-19 12:23:13.810 +05:45  INF  Executing ViewResult, running view CreateorEdit.
2025-09-19 12:23:13.865 +05:45  INF  Executed ViewResult - view CreateorEdit executed in 56.9455ms.
2025-09-19 12:23:13.865 +05:45  INF  Executed action HRMSmvc.Areas.Admin.Controllers.DashboardController.CreateorEdit (HRMSmvc) in 66.7726ms
2025-09-19 12:23:13.865 +05:45  INF  Executed endpoint 'HRMSmvc.Areas.Admin.Controllers.DashboardController.CreateorEdit (HRMSmvc)'
2025-09-19 12:23:13.865 +05:45  INF  Request finished HTTP/2 GET https://localhost:7189/Admin/Dashboard/CreateorEdit - 200 null text/html; charset=utf-8 117.8316ms
2025-09-19 12:23:13.894 +05:45  INF  Request starting HTTP/2 GET https://localhost:7189/_framework/aspnetcore-browser-refresh.js - null null
2025-09-19 12:23:13.895 +05:45  INF  Request finished HTTP/2 GET https://localhost:7189/_framework/aspnetcore-browser-refresh.js - 200 16499 application/javascript; charset=utf-8 0.7379ms
2025-09-19 12:23:13.911 +05:45  INF  Request starting HTTP/2 GET https://localhost:7189/js/admin.js - null null
2025-09-19 12:23:13.911 +05:45  INF  Request starting HTTP/2 GET https://localhost:7189/js/userindex.js - null null
2025-09-19 12:23:13.911 +05:45  INF  Request starting HTTP/2 GET https://localhost:7189/_vs/browserLink - null null
2025-09-19 12:23:13.912 +05:45  INF  The file /js/userindex.js was not modified
2025-09-19 12:23:13.912 +05:45  INF  The file /js/admin.js was not modified
2025-09-19 12:23:13.913 +05:45  INF  Request finished HTTP/2 GET https://localhost:7189/js/userindex.js - 304 null text/javascript 2.181ms
2025-09-19 12:23:13.913 +05:45  INF  Request finished HTTP/2 GET https://localhost:7189/js/admin.js - 304 null text/javascript 2.179ms
2025-09-19 12:23:13.930 +05:45  INF  Request finished HTTP/2 GET https://localhost:7189/_vs/browserLink - 200 null text/javascript; charset=UTF-8 19.5128ms
2025-09-19 12:23:14.231 +05:45  INF  Request starting HTTP/2 GET https://localhost:7189/vendor/fonts/bootstrap-icons.woff2?dd67030699838ea613ee6dbda90effa6 - null null
2025-09-19 12:23:14.232 +05:45  INF  Request finished HTTP/2 GET https://localhost:7189/vendor/fonts/bootstrap-icons.woff2?dd67030699838ea613ee6dbda90effa6 - 404 0 null 1.0729ms
2025-09-19 12:23:14.232 +05:45  INF  Request reached the end of the middleware pipeline without being handled by application code. Request path: GET https://localhost:7189/vendor/fonts/bootstrap-icons.woff2, Response status code: 404
2025-09-19 12:23:14.251 +05:45  INF  Request starting HTTP/2 GET https://localhost:7189/vendor/fonts/bootstrap-icons.woff?dd67030699838ea613ee6dbda90effa6 - null null
2025-09-19 12:23:14.252 +05:45  INF  Request finished HTTP/2 GET https://localhost:7189/vendor/fonts/bootstrap-icons.woff?dd67030699838ea613ee6dbda90effa6 - 404 0 null 0.7324ms
2025-09-19 12:23:14.252 +05:45  INF  Request reached the end of the middleware pipeline without being handled by application code. Request path: GET https://localhost:7189/vendor/fonts/bootstrap-icons.woff, Response status code: 404
2025-09-19 12:23:20.128 +05:45  INF  Request starting HTTP/2 GET https://localhost:7189/Admin/Dashboard/Index - null null
2025-09-19 12:23:20.136 +05:45  INF  Executing endpoint 'HRMSmvc.Areas.Admin.Controllers.DashboardController.Index (HRMSmvc)'
2025-09-19 12:23:20.136 +05:45  INF  Route matched with {area = "Admin", action = "Index", controller = "Dashboard"}. Executing controller action with signature System.Threading.Tasks.Task`1[Microsoft.AspNetCore.Mvc.IActionResult] Index() on controller HRMSmvc.Areas.Admin.Controllers.DashboardController (HRMSmvc).
2025-09-19 12:23:20.262 +05:45  INF  Executing ViewResult, running view Index.
2025-09-19 12:23:20.272 +05:45  INF  Executed ViewResult - view Index executed in 9.5891ms.
2025-09-19 12:23:20.272 +05:45  INF  Executed action HRMSmvc.Areas.Admin.Controllers.DashboardController.Index (HRMSmvc) in 135.8567ms
2025-09-19 12:23:20.272 +05:45  INF  Executed endpoint 'HRMSmvc.Areas.Admin.Controllers.DashboardController.Index (HRMSmvc)'
2025-09-19 12:23:20.273 +05:45  INF  Request finished HTTP/2 GET https://localhost:7189/Admin/Dashboard/Index - 200 null text/html; charset=utf-8 144.7527ms
2025-09-19 12:23:20.408 +05:45  INF  Request starting HTTP/2 GET https://localhost:7189/_framework/aspnetcore-browser-refresh.js - null null
2025-09-19 12:23:20.414 +05:45  INF  Request finished HTTP/2 GET https://localhost:7189/_framework/aspnetcore-browser-refresh.js - 200 16499 application/javascript; charset=utf-8 4.3409ms
2025-09-19 12:23:20.414 +05:45  INF  Request starting HTTP/2 GET https://localhost:7189/_vs/browserLink - null null
2025-09-19 12:23:20.441 +05:45  INF  Request finished HTTP/2 GET https://localhost:7189/_vs/browserLink - 200 null text/javascript; charset=UTF-8 26.9699ms
2025-09-19 12:23:20.487 +05:45  INF  Request starting HTTP/2 GET https://localhost:7189/vendor/fonts/bootstrap-icons.woff2?dd67030699838ea613ee6dbda90effa6 - null null
2025-09-19 12:23:20.489 +05:45  INF  Request finished HTTP/2 GET https://localhost:7189/vendor/fonts/bootstrap-icons.woff2?dd67030699838ea613ee6dbda90effa6 - 404 0 null 1.8782ms
2025-09-19 12:23:20.490 +05:45  INF  Request reached the end of the middleware pipeline without being handled by application code. Request path: GET https://localhost:7189/vendor/fonts/bootstrap-icons.woff2, Response status code: 404
2025-09-19 12:23:20.529 +05:45  INF  Request starting HTTP/2 GET https://localhost:7189/vendor/fonts/bootstrap-icons.woff?dd67030699838ea613ee6dbda90effa6 - null null
2025-09-19 12:23:20.530 +05:45  INF  Request finished HTTP/2 GET https://localhost:7189/vendor/fonts/bootstrap-icons.woff?dd67030699838ea613ee6dbda90effa6 - 404 0 null 0.9032ms
2025-09-19 12:23:20.530 +05:45  INF  Request reached the end of the middleware pipeline without being handled by application code. Request path: GET https://localhost:7189/vendor/fonts/bootstrap-icons.woff, Response status code: 404
2025-09-19 12:27:03.789 +05:45  INF  Request starting HTTP/2 GET https://localhost:7189/Admin/Dashboard/Index - null null
2025-09-19 12:27:03.825 +05:45  INF  Executing endpoint 'HRMSmvc.Areas.Admin.Controllers.DashboardController.Index (HRMSmvc)'
2025-09-19 12:27:03.825 +05:45  INF  Route matched with {area = "Admin", action = "Index", controller = "Dashboard"}. Executing controller action with signature System.Threading.Tasks.Task`1[Microsoft.AspNetCore.Mvc.IActionResult] Index() on controller HRMSmvc.Areas.Admin.Controllers.DashboardController (HRMSmvc).
2025-09-19 12:27:03.871 +05:45  INF  Executing ViewResult, running view Index.
2025-09-19 12:27:03.875 +05:45  INF  Executed ViewResult - view Index executed in 3.3304ms.
2025-09-19 12:27:03.875 +05:45  INF  Executed action HRMSmvc.Areas.Admin.Controllers.DashboardController.Index (HRMSmvc) in 49.5824ms
2025-09-19 12:27:03.875 +05:45  INF  Executed endpoint 'HRMSmvc.Areas.Admin.Controllers.DashboardController.Index (HRMSmvc)'
2025-09-19 12:27:03.881 +05:45  INF  Request finished HTTP/2 GET https://localhost:7189/Admin/Dashboard/Index - 200 null text/html; charset=utf-8 91.1574ms
2025-09-19 12:27:03.903 +05:45  INF  Request starting HTTP/2 GET https://localhost:7189/_vs/browserLink - null null
2025-09-19 12:27:03.903 +05:45  INF  Request starting HTTP/2 GET https://localhost:7189/_framework/aspnetcore-browser-refresh.js - null null
2025-09-19 12:27:03.904 +05:45  INF  Request finished HTTP/2 GET https://localhost:7189/_framework/aspnetcore-browser-refresh.js - 200 16499 application/javascript; charset=utf-8 0.9619ms
2025-09-19 12:27:03.912 +05:45  INF  Request finished HTTP/2 GET https://localhost:7189/_vs/browserLink - 200 null text/javascript; charset=UTF-8 9.421ms
2025-09-19 12:27:04.889 +05:45  INF  Request starting HTTP/2 GET https://localhost:7189/vendor/fonts/bootstrap-icons.woff2?dd67030699838ea613ee6dbda90effa6 - null null
2025-09-19 12:27:04.890 +05:45  INF  Request finished HTTP/2 GET https://localhost:7189/vendor/fonts/bootstrap-icons.woff2?dd67030699838ea613ee6dbda90effa6 - 404 0 null 0.8835ms
2025-09-19 12:27:04.890 +05:45  INF  Request reached the end of the middleware pipeline without being handled by application code. Request path: GET https://localhost:7189/vendor/fonts/bootstrap-icons.woff2, Response status code: 404
2025-09-19 12:27:04.910 +05:45  INF  Request starting HTTP/2 GET https://localhost:7189/vendor/fonts/bootstrap-icons.woff?dd67030699838ea613ee6dbda90effa6 - null null
2025-09-19 12:27:04.911 +05:45  INF  Request finished HTTP/2 GET https://localhost:7189/vendor/fonts/bootstrap-icons.woff?dd67030699838ea613ee6dbda90effa6 - 404 0 null 0.854ms
2025-09-19 12:27:04.911 +05:45  INF  Request reached the end of the middleware pipeline without being handled by application code. Request path: GET https://localhost:7189/vendor/fonts/bootstrap-icons.woff, Response status code: 404
2025-09-19 12:27:08.489 +05:45  INF  Request starting HTTP/2 GET https://localhost:7189/Admin/Dashboard/Index - null null
2025-09-19 12:27:08.495 +05:45  INF  Executing endpoint 'HRMSmvc.Areas.Admin.Controllers.DashboardController.Index (HRMSmvc)'
2025-09-19 12:27:08.496 +05:45  INF  Route matched with {area = "Admin", action = "Index", controller = "Dashboard"}. Executing controller action with signature System.Threading.Tasks.Task`1[Microsoft.AspNetCore.Mvc.IActionResult] Index() on controller HRMSmvc.Areas.Admin.Controllers.DashboardController (HRMSmvc).
2025-09-19 12:27:08.611 +05:45  INF  Executing ViewResult, running view Index.
2025-09-19 12:27:08.618 +05:45  INF  Executed ViewResult - view Index executed in 7.0726ms.
2025-09-19 12:27:08.619 +05:45  INF  Executed action HRMSmvc.Areas.Admin.Controllers.DashboardController.Index (HRMSmvc) in 123.0961ms
2025-09-19 12:27:08.619 +05:45  INF  Executed endpoint 'HRMSmvc.Areas.Admin.Controllers.DashboardController.Index (HRMSmvc)'
2025-09-19 12:27:08.619 +05:45  INF  Request finished HTTP/2 GET https://localhost:7189/Admin/Dashboard/Index - 200 null text/html; charset=utf-8 130.0665ms
2025-09-19 12:27:08.666 +05:45  INF  Request starting HTTP/2 GET https://localhost:7189/_framework/aspnetcore-browser-refresh.js - null null
2025-09-19 12:27:08.668 +05:45  INF  Request finished HTTP/2 GET https://localhost:7189/_framework/aspnetcore-browser-refresh.js - 200 16499 application/javascript; charset=utf-8 1.6623ms
2025-09-19 12:27:08.679 +05:45  INF  Request starting HTTP/2 GET https://localhost:7189/_vs/browserLink - null null
2025-09-19 12:27:08.697 +05:45  INF  Request finished HTTP/2 GET https://localhost:7189/_vs/browserLink - 200 null text/javascript; charset=UTF-8 17.4289ms
2025-09-19 12:27:08.736 +05:45  INF  Request starting HTTP/2 GET https://localhost:7189/vendor/fonts/bootstrap-icons.woff2?dd67030699838ea613ee6dbda90effa6 - null null
2025-09-19 12:27:08.738 +05:45  INF  Request finished HTTP/2 GET https://localhost:7189/vendor/fonts/bootstrap-icons.woff2?dd67030699838ea613ee6dbda90effa6 - 404 0 null 1.3555ms
2025-09-19 12:27:08.738 +05:45  INF  Request reached the end of the middleware pipeline without being handled by application code. Request path: GET https://localhost:7189/vendor/fonts/bootstrap-icons.woff2, Response status code: 404
2025-09-19 12:27:08.779 +05:45  INF  Request starting HTTP/2 GET https://localhost:7189/vendor/fonts/bootstrap-icons.woff?dd67030699838ea613ee6dbda90effa6 - null null
2025-09-19 12:27:08.779 +05:45  INF  Request finished HTTP/2 GET https://localhost:7189/vendor/fonts/bootstrap-icons.woff?dd67030699838ea613ee6dbda90effa6 - 404 0 null 0.624ms
2025-09-19 12:27:08.780 +05:45  INF  Request reached the end of the middleware pipeline without being handled by application code. Request path: GET https://localhost:7189/vendor/fonts/bootstrap-icons.woff, Response status code: 404
2025-09-19 12:27:10.520 +05:45  INF  Request starting HTTP/2 GET https://localhost:7189/Admin/Dashboard/CreateorEdit - null null
2025-09-19 12:27:10.521 +05:45  INF  Executing endpoint 'HRMSmvc.Areas.Admin.Controllers.DashboardController.CreateorEdit (HRMSmvc)'
2025-09-19 12:27:10.521 +05:45  INF  Route matched with {area = "Admin", action = "CreateorEdit", controller = "Dashboard"}. Executing controller action with signature System.Threading.Tasks.Task`1[Microsoft.AspNetCore.Mvc.IActionResult] CreateorEdit(System.String) on controller HRMSmvc.Areas.Admin.Controllers.DashboardController (HRMSmvc).
2025-09-19 12:27:10.522 +05:45  INF  Executing ViewResult, running view CreateorEdit.
2025-09-19 12:27:10.527 +05:45  INF  Executed ViewResult - view CreateorEdit executed in 4.8383ms.
2025-09-19 12:27:10.527 +05:45  INF  Executed action HRMSmvc.Areas.Admin.Controllers.DashboardController.CreateorEdit (HRMSmvc) in 5.5761ms
2025-09-19 12:27:10.527 +05:45  INF  Executed endpoint 'HRMSmvc.Areas.Admin.Controllers.DashboardController.CreateorEdit (HRMSmvc)'
2025-09-19 12:27:10.527 +05:45  INF  Request finished HTTP/2 GET https://localhost:7189/Admin/Dashboard/CreateorEdit - 200 null text/html; charset=utf-8 7.242ms
2025-09-19 12:27:10.547 +05:45  INF  Request starting HTTP/2 GET https://localhost:7189/_framework/aspnetcore-browser-refresh.js - null null
2025-09-19 12:27:10.548 +05:45  INF  Request finished HTTP/2 GET https://localhost:7189/_framework/aspnetcore-browser-refresh.js - 200 16499 application/javascript; charset=utf-8 0.7964ms
2025-09-19 12:27:10.548 +05:45  INF  Request starting HTTP/2 GET https://localhost:7189/_vs/browserLink - null null
2025-09-19 12:27:10.557 +05:45  INF  Request finished HTTP/2 GET https://localhost:7189/_vs/browserLink - 200 null text/javascript; charset=UTF-8 9.6214ms
2025-09-19 12:27:10.574 +05:45  INF  Request starting HTTP/2 GET https://localhost:7189/vendor/fonts/bootstrap-icons.woff2?dd67030699838ea613ee6dbda90effa6 - null null
2025-09-19 12:27:10.575 +05:45  INF  Request finished HTTP/2 GET https://localhost:7189/vendor/fonts/bootstrap-icons.woff2?dd67030699838ea613ee6dbda90effa6 - 404 0 null 0.8709ms
2025-09-19 12:27:10.575 +05:45  INF  Request reached the end of the middleware pipeline without being handled by application code. Request path: GET https://localhost:7189/vendor/fonts/bootstrap-icons.woff2, Response status code: 404
2025-09-19 12:27:10.592 +05:45  INF  Request starting HTTP/2 GET https://localhost:7189/vendor/fonts/bootstrap-icons.woff?dd67030699838ea613ee6dbda90effa6 - null null
2025-09-19 12:27:10.593 +05:45  INF  Request finished HTTP/2 GET https://localhost:7189/vendor/fonts/bootstrap-icons.woff?dd67030699838ea613ee6dbda90effa6 - 404 0 null 0.6501ms
2025-09-19 12:27:10.593 +05:45  INF  Request reached the end of the middleware pipeline without being handled by application code. Request path: GET https://localhost:7189/vendor/fonts/bootstrap-icons.woff, Response status code: 404
2025-09-19 12:27:16.831 +05:45  INF  Request starting HTTP/2 GET https://localhost:7189/Admin/Dashboard/Index - null null
2025-09-19 12:27:16.837 +05:45  INF  Executing endpoint 'HRMSmvc.Areas.Admin.Controllers.DashboardController.Index (HRMSmvc)'
2025-09-19 12:27:16.838 +05:45  INF  Route matched with {area = "Admin", action = "Index", controller = "Dashboard"}. Executing controller action with signature System.Threading.Tasks.Task`1[Microsoft.AspNetCore.Mvc.IActionResult] Index() on controller HRMSmvc.Areas.Admin.Controllers.DashboardController (HRMSmvc).
2025-09-19 12:27:16.918 +05:45  INF  Executing ViewResult, running view Index.
2025-09-19 12:27:16.925 +05:45  INF  Executed ViewResult - view Index executed in 6.8605ms.
2025-09-19 12:27:16.925 +05:45  INF  Executed action HRMSmvc.Areas.Admin.Controllers.DashboardController.Index (HRMSmvc) in 87.458ms
2025-09-19 12:27:16.925 +05:45  INF  Executed endpoint 'HRMSmvc.Areas.Admin.Controllers.DashboardController.Index (HRMSmvc)'
2025-09-19 12:27:16.926 +05:45  INF  Request finished HTTP/2 GET https://localhost:7189/Admin/Dashboard/Index - 200 null text/html; charset=utf-8 94.8918ms
2025-09-19 12:27:16.993 +05:45  INF  Request starting HTTP/2 GET https://localhost:7189/_vs/browserLink - null null
2025-09-19 12:27:16.994 +05:45  INF  Request starting HTTP/2 GET https://localhost:7189/_framework/aspnetcore-browser-refresh.js - null null
2025-09-19 12:27:16.995 +05:45  INF  Request finished HTTP/2 GET https://localhost:7189/_framework/aspnetcore-browser-refresh.js - 200 16499 application/javascript; charset=utf-8 1.27ms
2025-09-19 12:27:17.009 +05:45  INF  Request finished HTTP/2 GET https://localhost:7189/_vs/browserLink - 200 null text/javascript; charset=UTF-8 15.8615ms
2025-09-19 12:27:17.015 +05:45  INF  Request starting HTTP/2 GET https://localhost:7189/vendor/fonts/bootstrap-icons.woff2?dd67030699838ea613ee6dbda90effa6 - null null
2025-09-19 12:27:17.016 +05:45  INF  Request finished HTTP/2 GET https://localhost:7189/vendor/fonts/bootstrap-icons.woff2?dd67030699838ea613ee6dbda90effa6 - 404 0 null 1.0287ms
2025-09-19 12:27:17.016 +05:45  INF  Request reached the end of the middleware pipeline without being handled by application code. Request path: GET https://localhost:7189/vendor/fonts/bootstrap-icons.woff2, Response status code: 404
2025-09-19 12:27:17.044 +05:45  INF  Request starting HTTP/2 GET https://localhost:7189/vendor/fonts/bootstrap-icons.woff?dd67030699838ea613ee6dbda90effa6 - null null
2025-09-19 12:27:17.045 +05:45  INF  Request finished HTTP/2 GET https://localhost:7189/vendor/fonts/bootstrap-icons.woff?dd67030699838ea613ee6dbda90effa6 - 404 0 null 1.0229ms
2025-09-19 12:27:17.045 +05:45  INF  Request reached the end of the middleware pipeline without being handled by application code. Request path: GET https://localhost:7189/vendor/fonts/bootstrap-icons.woff, Response status code: 404
2025-09-19 12:27:20.317 +05:45  INF  Request starting HTTP/2 GET https://localhost:7189/Admin/Dashboard/Index - null null
2025-09-19 12:27:20.324 +05:45  INF  Executing endpoint 'HRMSmvc.Areas.Admin.Controllers.DashboardController.Index (HRMSmvc)'
2025-09-19 12:27:20.324 +05:45  INF  Route matched with {area = "Admin", action = "Index", controller = "Dashboard"}. Executing controller action with signature System.Threading.Tasks.Task`1[Microsoft.AspNetCore.Mvc.IActionResult] Index() on controller HRMSmvc.Areas.Admin.Controllers.DashboardController (HRMSmvc).
2025-09-19 12:27:20.410 +05:45  INF  Executing ViewResult, running view Index.
2025-09-19 12:27:20.425 +05:45  INF  Executed ViewResult - view Index executed in 14.8939ms.
2025-09-19 12:27:20.426 +05:45  INF  Executed action HRMSmvc.Areas.Admin.Controllers.DashboardController.Index (HRMSmvc) in 101.1302ms
2025-09-19 12:27:20.426 +05:45  INF  Executed endpoint 'HRMSmvc.Areas.Admin.Controllers.DashboardController.Index (HRMSmvc)'
2025-09-19 12:27:20.438 +05:45  INF  Request finished HTTP/2 GET https://localhost:7189/Admin/Dashboard/Index - 200 null text/html; charset=utf-8 108.7204ms
2025-09-19 12:27:20.480 +05:45  INF  Request starting HTTP/2 GET https://localhost:7189/_framework/aspnetcore-browser-refresh.js - null null
2025-09-19 12:27:20.480 +05:45  INF  Request starting HTTP/2 GET https://localhost:7189/_vs/browserLink - null null
2025-09-19 12:27:20.483 +05:45  INF  Request finished HTTP/2 GET https://localhost:7189/_framework/aspnetcore-browser-refresh.js - 200 16499 application/javascript; charset=utf-8 2.4683ms
2025-09-19 12:27:20.492 +05:45  INF  Request finished HTTP/2 GET https://localhost:7189/_vs/browserLink - 200 null text/javascript; charset=UTF-8 11.8125ms
2025-09-19 12:27:20.500 +05:45  INF  Request starting HTTP/2 GET https://localhost:7189/vendor/fonts/bootstrap-icons.woff2?dd67030699838ea613ee6dbda90effa6 - null null
2025-09-19 12:27:20.502 +05:45  INF  Request finished HTTP/2 GET https://localhost:7189/vendor/fonts/bootstrap-icons.woff2?dd67030699838ea613ee6dbda90effa6 - 404 0 null 2.3998ms
2025-09-19 12:27:20.502 +05:45  INF  Request reached the end of the middleware pipeline without being handled by application code. Request path: GET https://localhost:7189/vendor/fonts/bootstrap-icons.woff2, Response status code: 404
2025-09-19 12:27:20.523 +05:45  INF  Request starting HTTP/2 GET https://localhost:7189/vendor/fonts/bootstrap-icons.woff?dd67030699838ea613ee6dbda90effa6 - null null
2025-09-19 12:27:20.524 +05:45  INF  Request finished HTTP/2 GET https://localhost:7189/vendor/fonts/bootstrap-icons.woff?dd67030699838ea613ee6dbda90effa6 - 404 0 null 1.1707ms
2025-09-19 12:27:20.524 +05:45  INF  Request reached the end of the middleware pipeline without being handled by application code. Request path: GET https://localhost:7189/vendor/fonts/bootstrap-icons.woff, Response status code: 404
2025-09-19 12:27:21.438 +05:45  INF  Request starting HTTP/2 GET https://localhost:7189/Admin/Dashboard/CreateorEdit?id=389f1c51-d416-44cc-9c99-a7145ddf93cb - null null
2025-09-19 12:27:21.443 +05:45  INF  Executing endpoint 'HRMSmvc.Areas.Admin.Controllers.DashboardController.CreateorEdit (HRMSmvc)'
2025-09-19 12:27:21.443 +05:45  INF  Route matched with {area = "Admin", action = "CreateorEdit", controller = "Dashboard"}. Executing controller action with signature System.Threading.Tasks.Task`1[Microsoft.AspNetCore.Mvc.IActionResult] CreateorEdit(System.String) on controller HRMSmvc.Areas.Admin.Controllers.DashboardController (HRMSmvc).
2025-09-19 12:27:21.731 +05:45  INF  Executing ViewResult, running view CreateorEdit.
2025-09-19 12:27:21.738 +05:45  INF  Executed ViewResult - view CreateorEdit executed in 6.7821ms.
2025-09-19 12:27:21.739 +05:45  INF  Executed action HRMSmvc.Areas.Admin.Controllers.DashboardController.CreateorEdit (HRMSmvc) in 295.5498ms
2025-09-19 12:27:21.739 +05:45  INF  Executed endpoint 'HRMSmvc.Areas.Admin.Controllers.DashboardController.CreateorEdit (HRMSmvc)'
2025-09-19 12:27:21.739 +05:45  INF  Request finished HTTP/2 GET https://localhost:7189/Admin/Dashboard/CreateorEdit?id=389f1c51-d416-44cc-9c99-a7145ddf93cb - 200 null text/html; charset=utf-8 301.5376ms
2025-09-19 12:27:21.776 +05:45  INF  Request starting HTTP/2 GET https://localhost:7189/_vs/browserLink - null null
2025-09-19 12:27:21.778 +05:45  INF  Request starting HTTP/2 GET https://localhost:7189/_framework/aspnetcore-browser-refresh.js - null null
2025-09-19 12:27:21.779 +05:45  INF  Request finished HTTP/2 GET https://localhost:7189/_framework/aspnetcore-browser-refresh.js - 200 16499 application/javascript; charset=utf-8 1.1271ms
2025-09-19 12:27:21.787 +05:45  INF  Request finished HTTP/2 GET https://localhost:7189/_vs/browserLink - 200 null text/javascript; charset=UTF-8 11.1251ms
2025-09-19 12:27:21.800 +05:45  INF  Request starting HTTP/2 GET https://localhost:7189/vendor/fonts/bootstrap-icons.woff2?dd67030699838ea613ee6dbda90effa6 - null null
2025-09-19 12:27:21.801 +05:45  INF  Request finished HTTP/2 GET https://localhost:7189/vendor/fonts/bootstrap-icons.woff2?dd67030699838ea613ee6dbda90effa6 - 404 0 null 0.8329ms
2025-09-19 12:27:21.801 +05:45  INF  Request reached the end of the middleware pipeline without being handled by application code. Request path: GET https://localhost:7189/vendor/fonts/bootstrap-icons.woff2, Response status code: 404
2025-09-19 12:27:21.815 +05:45  INF  Request starting HTTP/2 GET https://localhost:7189/vendor/fonts/bootstrap-icons.woff?dd67030699838ea613ee6dbda90effa6 - null null
2025-09-19 12:27:21.816 +05:45  INF  Request finished HTTP/2 GET https://localhost:7189/vendor/fonts/bootstrap-icons.woff?dd67030699838ea613ee6dbda90effa6 - 404 0 null 1.1172ms
2025-09-19 12:27:21.816 +05:45  INF  Request reached the end of the middleware pipeline without being handled by application code. Request path: GET https://localhost:7189/vendor/fonts/bootstrap-icons.woff, Response status code: 404
2025-09-19 12:27:29.641 +05:45  INF  Request starting HTTP/2 POST https://localhost:7189/Admin/Dashboard/Edit - multipart/form-data; boundary=----WebKitFormBoundary8C6RQ4fusaadGX7L 1305
2025-09-19 12:27:29.642 +05:45  INF  Executing endpoint 'HRMSmvc.Areas.Admin.Controllers.DashboardController.Edit (HRMSmvc)'
2025-09-19 12:27:29.655 +05:45  INF  Route matched with {area = "Admin", action = "Edit", controller = "Dashboard"}. Executing controller action with signature System.Threading.Tasks.Task`1[Microsoft.AspNetCore.Mvc.IActionResult] Edit(Domain.Models.User) on controller HRMSmvc.Areas.Admin.Controllers.DashboardController (HRMSmvc).
2025-09-19 12:27:34.154 +05:45  INF  Executing JsonResult, writing value of type 'Domain.Models.ApiResponse`1[[Domain.DTO.UserDTO, Domain, Version=1.0.0.0, Culture=neutral, PublicKeyToken=null]]'.
2025-09-19 12:27:34.162 +05:45  INF  Executed action HRMSmvc.Areas.Admin.Controllers.DashboardController.Edit (HRMSmvc) in 4506.81ms
2025-09-19 12:27:34.162 +05:45  INF  Executed endpoint 'HRMSmvc.Areas.Admin.Controllers.DashboardController.Edit (HRMSmvc)'
2025-09-19 12:27:34.162 +05:45  INF  Request finished HTTP/2 POST https://localhost:7189/Admin/Dashboard/Edit - 200 null application/json; charset=utf-8 4521.044ms
2025-09-19 12:27:36.473 +05:45  INF  Request starting HTTP/2 GET https://localhost:7189/Admin/Dashboard/Index - null null
2025-09-19 12:27:36.481 +05:45  INF  Executing endpoint 'HRMSmvc.Areas.Admin.Controllers.DashboardController.Index (HRMSmvc)'
2025-09-19 12:27:36.481 +05:45  INF  Route matched with {area = "Admin", action = "Index", controller = "Dashboard"}. Executing controller action with signature System.Threading.Tasks.Task`1[Microsoft.AspNetCore.Mvc.IActionResult] Index() on controller HRMSmvc.Areas.Admin.Controllers.DashboardController (HRMSmvc).
2025-09-19 12:27:36.571 +05:45  INF  Executing ViewResult, running view Index.
2025-09-19 12:27:36.573 +05:45  INF  Executed ViewResult - view Index executed in 2.0892ms.
2025-09-19 12:27:36.573 +05:45  INF  Executed action HRMSmvc.Areas.Admin.Controllers.DashboardController.Index (HRMSmvc) in 92.284ms
2025-09-19 12:27:36.574 +05:45  INF  Executed endpoint 'HRMSmvc.Areas.Admin.Controllers.DashboardController.Index (HRMSmvc)'
2025-09-19 12:27:36.574 +05:45  INF  Request finished HTTP/2 GET https://localhost:7189/Admin/Dashboard/Index - 200 null text/html; charset=utf-8 100.931ms
2025-09-19 12:27:36.603 +05:45  INF  Request starting HTTP/2 GET https://localhost:7189/_vs/browserLink - null null
2025-09-19 12:27:36.604 +05:45  INF  Request starting HTTP/2 GET https://localhost:7189/_framework/aspnetcore-browser-refresh.js - null null
2025-09-19 12:27:36.604 +05:45  INF  Request finished HTTP/2 GET https://localhost:7189/_framework/aspnetcore-browser-refresh.js - 200 16499 application/javascript; charset=utf-8 0.5803ms
2025-09-19 12:27:36.613 +05:45  INF  Request finished HTTP/2 GET https://localhost:7189/_vs/browserLink - 200 null text/javascript; charset=UTF-8 9.4467ms
2025-09-19 12:27:36.642 +05:45  INF  Request starting HTTP/2 GET https://localhost:7189/vendor/fonts/bootstrap-icons.woff2?dd67030699838ea613ee6dbda90effa6 - null null
2025-09-19 12:27:36.643 +05:45  INF  Request finished HTTP/2 GET https://localhost:7189/vendor/fonts/bootstrap-icons.woff2?dd67030699838ea613ee6dbda90effa6 - 404 0 null 0.9562ms
2025-09-19 12:27:36.643 +05:45  INF  Request reached the end of the middleware pipeline without being handled by application code. Request path: GET https://localhost:7189/vendor/fonts/bootstrap-icons.woff2, Response status code: 404
2025-09-19 12:27:36.659 +05:45  INF  Request starting HTTP/2 GET https://localhost:7189/vendor/fonts/bootstrap-icons.woff?dd67030699838ea613ee6dbda90effa6 - null null
2025-09-19 12:27:36.660 +05:45  INF  Request finished HTTP/2 GET https://localhost:7189/vendor/fonts/bootstrap-icons.woff?dd67030699838ea613ee6dbda90effa6 - 404 0 null 0.8397ms
2025-09-19 12:27:36.660 +05:45  INF  Request reached the end of the middleware pipeline without being handled by application code. Request path: GET https://localhost:7189/vendor/fonts/bootstrap-icons.woff, Response status code: 404
2025-09-19 12:27:40.357 +05:45  INF  Request starting HTTP/2 GET https://localhost:7189/Admin/Dashboard/CreateorEdit - null null
2025-09-19 12:27:40.360 +05:45  INF  Executing endpoint 'HRMSmvc.Areas.Admin.Controllers.DashboardController.CreateorEdit (HRMSmvc)'
2025-09-19 12:27:40.360 +05:45  INF  Route matched with {area = "Admin", action = "CreateorEdit", controller = "Dashboard"}. Executing controller action with signature System.Threading.Tasks.Task`1[Microsoft.AspNetCore.Mvc.IActionResult] CreateorEdit(System.String) on controller HRMSmvc.Areas.Admin.Controllers.DashboardController (HRMSmvc).
2025-09-19 12:27:40.360 +05:45  INF  Executing ViewResult, running view CreateorEdit.
2025-09-19 12:27:40.364 +05:45  INF  Executed ViewResult - view CreateorEdit executed in 3.4357ms.
2025-09-19 12:27:40.364 +05:45  INF  Executed action HRMSmvc.Areas.Admin.Controllers.DashboardController.CreateorEdit (HRMSmvc) in 3.9412ms
2025-09-19 12:27:40.364 +05:45  INF  Executed endpoint 'HRMSmvc.Areas.Admin.Controllers.DashboardController.CreateorEdit (HRMSmvc)'
2025-09-19 12:27:40.364 +05:45  INF  Request finished HTTP/2 GET https://localhost:7189/Admin/Dashboard/CreateorEdit - 200 null text/html; charset=utf-8 7.406ms
2025-09-19 12:27:40.394 +05:45  INF  Request starting HTTP/2 GET https://localhost:7189/_vs/browserLink - null null
2025-09-19 12:27:40.395 +05:45  INF  Request starting HTTP/2 GET https://localhost:7189/_framework/aspnetcore-browser-refresh.js - null null
2025-09-19 12:27:40.396 +05:45  INF  Request finished HTTP/2 GET https://localhost:7189/_framework/aspnetcore-browser-refresh.js - 200 16499 application/javascript; charset=utf-8 0.8429ms
2025-09-19 12:27:40.405 +05:45  INF  Request finished HTTP/2 GET https://localhost:7189/_vs/browserLink - 200 null text/javascript; charset=UTF-8 11.5514ms
2025-09-19 12:27:40.439 +05:45  INF  Request starting HTTP/2 GET https://localhost:7189/vendor/fonts/bootstrap-icons.woff2?dd67030699838ea613ee6dbda90effa6 - null null
2025-09-19 12:27:40.440 +05:45  INF  Request finished HTTP/2 GET https://localhost:7189/vendor/fonts/bootstrap-icons.woff2?dd67030699838ea613ee6dbda90effa6 - 404 0 null 0.725ms
2025-09-19 12:27:40.440 +05:45  INF  Request reached the end of the middleware pipeline without being handled by application code. Request path: GET https://localhost:7189/vendor/fonts/bootstrap-icons.woff2, Response status code: 404
2025-09-19 12:27:40.460 +05:45  INF  Request starting HTTP/2 GET https://localhost:7189/vendor/fonts/bootstrap-icons.woff?dd67030699838ea613ee6dbda90effa6 - null null
2025-09-19 12:27:40.461 +05:45  INF  Request finished HTTP/2 GET https://localhost:7189/vendor/fonts/bootstrap-icons.woff?dd67030699838ea613ee6dbda90effa6 - 404 0 null 1.3032ms
2025-09-19 12:27:40.461 +05:45  INF  Request reached the end of the middleware pipeline without being handled by application code. Request path: GET https://localhost:7189/vendor/fonts/bootstrap-icons.woff, Response status code: 404
2025-09-19 12:27:42.193 +05:45  INF  Request starting HTTP/2 GET https://localhost:7189/Admin/Dashboard/Index - null null
2025-09-19 12:27:42.200 +05:45  INF  Executing endpoint 'HRMSmvc.Areas.Admin.Controllers.DashboardController.Index (HRMSmvc)'
2025-09-19 12:27:42.200 +05:45  INF  Route matched with {area = "Admin", action = "Index", controller = "Dashboard"}. Executing controller action with signature System.Threading.Tasks.Task`1[Microsoft.AspNetCore.Mvc.IActionResult] Index() on controller HRMSmvc.Areas.Admin.Controllers.DashboardController (HRMSmvc).
2025-09-19 12:27:42.277 +05:45  INF  Executing ViewResult, running view Index.
2025-09-19 12:27:42.284 +05:45  INF  Executed ViewResult - view Index executed in 7.3234ms.
2025-09-19 12:27:42.284 +05:45  INF  Executed action HRMSmvc.Areas.Admin.Controllers.DashboardController.Index (HRMSmvc) in 84.0519ms
2025-09-19 12:27:42.285 +05:45  INF  Executed endpoint 'HRMSmvc.Areas.Admin.Controllers.DashboardController.Index (HRMSmvc)'
2025-09-19 12:27:42.285 +05:45  INF  Request finished HTTP/2 GET https://localhost:7189/Admin/Dashboard/Index - 200 null text/html; charset=utf-8 92.7261ms
2025-09-19 12:27:42.317 +05:45  INF  Request starting HTTP/2 GET https://localhost:7189/_framework/aspnetcore-browser-refresh.js - null null
2025-09-19 12:27:42.317 +05:45  INF  Request starting HTTP/2 GET https://localhost:7189/_vs/browserLink - null null
2025-09-19 12:27:42.318 +05:45  INF  Request finished HTTP/2 GET https://localhost:7189/_framework/aspnetcore-browser-refresh.js - 200 16499 application/javascript; charset=utf-8 0.7619ms
2025-09-19 12:27:42.326 +05:45  INF  Request finished HTTP/2 GET https://localhost:7189/_vs/browserLink - 200 null text/javascript; charset=UTF-8 8.6479ms
2025-09-19 12:27:42.339 +05:45  INF  Request starting HTTP/2 GET https://localhost:7189/vendor/fonts/bootstrap-icons.woff2?dd67030699838ea613ee6dbda90effa6 - null null
2025-09-19 12:27:42.340 +05:45  INF  Request finished HTTP/2 GET https://localhost:7189/vendor/fonts/bootstrap-icons.woff2?dd67030699838ea613ee6dbda90effa6 - 404 0 null 0.7558ms
2025-09-19 12:27:42.340 +05:45  INF  Request reached the end of the middleware pipeline without being handled by application code. Request path: GET https://localhost:7189/vendor/fonts/bootstrap-icons.woff2, Response status code: 404
2025-09-19 12:27:42.361 +05:45  INF  Request starting HTTP/2 GET https://localhost:7189/vendor/fonts/bootstrap-icons.woff?dd67030699838ea613ee6dbda90effa6 - null null
2025-09-19 12:27:42.362 +05:45  INF  Request finished HTTP/2 GET https://localhost:7189/vendor/fonts/bootstrap-icons.woff?dd67030699838ea613ee6dbda90effa6 - 404 0 null 0.8373ms
2025-09-19 12:27:42.362 +05:45  INF  Request reached the end of the middleware pipeline without being handled by application code. Request path: GET https://localhost:7189/vendor/fonts/bootstrap-icons.woff, Response status code: 404
2025-09-19 12:27:44.211 +05:45  INF  Request starting HTTP/2 GET https://localhost:7189/Admin/Dashboard/CreateorEdit?id=389f1c51-d416-44cc-9c99-a7145ddf93cb - null null
2025-09-19 12:27:44.217 +05:45  INF  Executing endpoint 'HRMSmvc.Areas.Admin.Controllers.DashboardController.CreateorEdit (HRMSmvc)'
2025-09-19 12:27:44.217 +05:45  INF  Route matched with {area = "Admin", action = "CreateorEdit", controller = "Dashboard"}. Executing controller action with signature System.Threading.Tasks.Task`1[Microsoft.AspNetCore.Mvc.IActionResult] CreateorEdit(System.String) on controller HRMSmvc.Areas.Admin.Controllers.DashboardController (HRMSmvc).
2025-09-19 12:27:44.291 +05:45  INF  Executing ViewResult, running view CreateorEdit.
2025-09-19 12:27:44.300 +05:45  INF  Executed ViewResult - view CreateorEdit executed in 9.5379ms.
2025-09-19 12:27:44.301 +05:45  INF  Executed action HRMSmvc.Areas.Admin.Controllers.DashboardController.CreateorEdit (HRMSmvc) in 83.9204ms
2025-09-19 12:27:44.302 +05:45  INF  Executed endpoint 'HRMSmvc.Areas.Admin.Controllers.DashboardController.CreateorEdit (HRMSmvc)'
2025-09-19 12:27:44.302 +05:45  INF  Request finished HTTP/2 GET https://localhost:7189/Admin/Dashboard/CreateorEdit?id=389f1c51-d416-44cc-9c99-a7145ddf93cb - 200 null text/html; charset=utf-8 91.5612ms
2025-09-19 12:27:44.356 +05:45  INF  Request starting HTTP/2 GET https://localhost:7189/_vs/browserLink - null null
2025-09-19 12:27:44.357 +05:45  INF  Request starting HTTP/2 GET https://localhost:7189/_framework/aspnetcore-browser-refresh.js - null null
2025-09-19 12:27:44.358 +05:45  INF  Request finished HTTP/2 GET https://localhost:7189/_framework/aspnetcore-browser-refresh.js - 200 16499 application/javascript; charset=utf-8 1.2256ms
2025-09-19 12:27:44.369 +05:45  INF  Request finished HTTP/2 GET https://localhost:7189/_vs/browserLink - 200 null text/javascript; charset=UTF-8 12.8821ms
2025-09-19 12:27:44.378 +05:45  INF  Request starting HTTP/2 GET https://localhost:7189/vendor/fonts/bootstrap-icons.woff2?dd67030699838ea613ee6dbda90effa6 - null null
2025-09-19 12:27:44.379 +05:45  INF  Request finished HTTP/2 GET https://localhost:7189/vendor/fonts/bootstrap-icons.woff2?dd67030699838ea613ee6dbda90effa6 - 404 0 null 0.9132ms
2025-09-19 12:27:44.379 +05:45  INF  Request reached the end of the middleware pipeline without being handled by application code. Request path: GET https://localhost:7189/vendor/fonts/bootstrap-icons.woff2, Response status code: 404
2025-09-19 12:27:44.397 +05:45  INF  Request starting HTTP/2 GET https://localhost:7189/vendor/fonts/bootstrap-icons.woff?dd67030699838ea613ee6dbda90effa6 - null null
2025-09-19 12:27:44.398 +05:45  INF  Request finished HTTP/2 GET https://localhost:7189/vendor/fonts/bootstrap-icons.woff?dd67030699838ea613ee6dbda90effa6 - 404 0 null 0.8472ms
2025-09-19 12:27:44.398 +05:45  INF  Request reached the end of the middleware pipeline without being handled by application code. Request path: GET https://localhost:7189/vendor/fonts/bootstrap-icons.woff, Response status code: 404
2025-09-19 12:27:45.248 +05:45  INF  Request starting HTTP/2 POST https://localhost:7189/Admin/Dashboard/Edit - multipart/form-data; boundary=----WebKitFormBoundarymQi7dHJDv8F7logB 1305
2025-09-19 12:27:45.251 +05:45  INF  Executing endpoint 'HRMSmvc.Areas.Admin.Controllers.DashboardController.Edit (HRMSmvc)'
2025-09-19 12:27:45.251 +05:45  INF  Route matched with {area = "Admin", action = "Edit", controller = "Dashboard"}. Executing controller action with signature System.Threading.Tasks.Task`1[Microsoft.AspNetCore.Mvc.IActionResult] Edit(Domain.Models.User) on controller HRMSmvc.Areas.Admin.Controllers.DashboardController (HRMSmvc).
2025-09-19 12:27:48.193 +05:45  INF  Request starting HTTP/2 GET https://localhost:7189/Admin/Dashboard/Index - null null
2025-09-19 12:27:48.697 +05:45  INF  Executing endpoint 'HRMSmvc.Areas.Admin.Controllers.DashboardController.Index (HRMSmvc)'
2025-09-19 12:27:48.697 +05:45  INF  Route matched with {area = "Admin", action = "Index", controller = "Dashboard"}. Executing controller action with signature System.Threading.Tasks.Task`1[Microsoft.AspNetCore.Mvc.IActionResult] Index() on controller HRMSmvc.Areas.Admin.Controllers.DashboardController (HRMSmvc).
2025-09-19 12:27:49.626 +05:45  INF  Executing ViewResult, running view Index.
2025-09-19 12:27:49.631 +05:45  INF  Executed ViewResult - view Index executed in 4.7144ms.
2025-09-19 12:27:49.631 +05:45  INF  Executed action HRMSmvc.Areas.Admin.Controllers.DashboardController.Index (HRMSmvc) in 933.5366ms
2025-09-19 12:27:49.631 +05:45  INF  Executed endpoint 'HRMSmvc.Areas.Admin.Controllers.DashboardController.Index (HRMSmvc)'
2025-09-19 12:27:49.632 +05:45  INF  Request finished HTTP/2 GET https://localhost:7189/Admin/Dashboard/Index - 200 null text/html; charset=utf-8 1439.1741ms
2025-09-19 12:27:49.653 +05:45  INF  Executing JsonResult, writing value of type 'Domain.Models.ApiResponse`1[[Domain.DTO.UserDTO, Domain, Version=1.0.0.0, Culture=neutral, PublicKeyToken=null]]'.
2025-09-19 12:27:49.662 +05:45  INF  Executed action HRMSmvc.Areas.Admin.Controllers.DashboardController.Edit (HRMSmvc) in 4411.0392ms
2025-09-19 12:27:49.662 +05:45  INF  Executed endpoint 'HRMSmvc.Areas.Admin.Controllers.DashboardController.Edit (HRMSmvc)'
2025-09-19 12:27:49.662 +05:45  INF  Request finished HTTP/2 POST https://localhost:7189/Admin/Dashboard/Edit - 499 null application/json; charset=utf-8 4414.6051ms
2025-09-19 12:27:49.685 +05:45  INF  Request starting HTTP/2 GET https://localhost:7189/_framework/aspnetcore-browser-refresh.js - null null
2025-09-19 12:27:49.686 +05:45  INF  Request starting HTTP/2 GET https://localhost:7189/_vs/browserLink - null null
2025-09-19 12:27:49.687 +05:45  INF  Request finished HTTP/2 GET https://localhost:7189/_framework/aspnetcore-browser-refresh.js - 200 16499 application/javascript; charset=utf-8 2.6732ms
2025-09-19 12:27:49.707 +05:45  INF  Request finished HTTP/2 GET https://localhost:7189/_vs/browserLink - 200 null text/javascript; charset=UTF-8 21.3755ms
2025-09-19 12:27:49.757 +05:45  INF  Request starting HTTP/2 GET https://localhost:7189/vendor/fonts/bootstrap-icons.woff2?dd67030699838ea613ee6dbda90effa6 - null null
2025-09-19 12:27:49.758 +05:45  INF  Request finished HTTP/2 GET https://localhost:7189/vendor/fonts/bootstrap-icons.woff2?dd67030699838ea613ee6dbda90effa6 - 404 0 null 0.4741ms
2025-09-19 12:27:49.758 +05:45  INF  Request reached the end of the middleware pipeline without being handled by application code. Request path: GET https://localhost:7189/vendor/fonts/bootstrap-icons.woff2, Response status code: 404
2025-09-19 12:27:49.761 +05:45  INF  Request starting HTTP/2 GET https://localhost:7189/vendor/fonts/bootstrap-icons.woff?dd67030699838ea613ee6dbda90effa6 - null null
2025-09-19 12:27:49.761 +05:45  INF  Request finished HTTP/2 GET https://localhost:7189/vendor/fonts/bootstrap-icons.woff?dd67030699838ea613ee6dbda90effa6 - 404 0 null 0.7234ms
2025-09-19 12:27:49.761 +05:45  INF  Request reached the end of the middleware pipeline without being handled by application code. Request path: GET https://localhost:7189/vendor/fonts/bootstrap-icons.woff, Response status code: 404
2025-09-19 12:28:14.362 +05:45  INF  Request starting HTTP/2 GET https://localhost:7189/Admin/Auth/Login - null null
2025-09-19 12:28:14.363 +05:45  INF  Request finished HTTP/2 GET https://localhost:7189/Admin/Auth/Login - 404 0 null 1.5098ms
2025-09-19 12:28:14.363 +05:45  INF  Request reached the end of the middleware pipeline without being handled by application code. Request path: GET https://localhost:7189/Admin/Auth/Login, Response status code: 404
2025-09-19 12:28:16.292 +05:45  INF  Request starting HTTP/2 GET https://localhost:7189/_framework/aspnetcore-browser-refresh.js - null null
2025-09-19 12:28:16.295 +05:45  INF  Request finished HTTP/2 GET https://localhost:7189/_framework/aspnetcore-browser-refresh.js - 200 16499 application/javascript; charset=utf-8 2.8643ms
2025-09-19 13:05:07.961 +05:45  INF  User profile is available. Using 'C:\Users\ASUS\AppData\Local\ASP.NET\DataProtection-Keys' as key repository and Windows DPAPI to encrypt keys at rest.
2025-09-19 13:05:08.145 +05:45  INF  Now listening on: https://localhost:7189
2025-09-19 13:05:08.146 +05:45  INF  Now listening on: http://localhost:5227
2025-09-19 13:05:08.197 +05:45  INF  Application started. Press Ctrl+C to shut down.
2025-09-19 13:05:08.197 +05:45  INF  Hosting environment: Development
2025-09-19 13:05:08.197 +05:45  INF  Content root path: C:\Users\ASUS\Desktop\HRMS\HRMSmvc
2025-09-19 13:05:09.010 +05:45  INF  Request starting HTTP/2 GET https://localhost:7189/ - null null
2025-09-19 13:05:09.207 +05:45  INF  Executing endpoint 'HRMSmvc.Controllers.AuthController.Login (HRMSmvc)'
2025-09-19 13:05:09.253 +05:45  INF  Route matched with {action = "Login", controller = "Auth", area = ""}. Executing controller action with signature Microsoft.AspNetCore.Mvc.IActionResult Login() on controller HRMSmvc.Controllers.AuthController (HRMSmvc).
2025-09-19 13:05:09.272 +05:45  INF  Executing ViewResult, running view login.
2025-09-19 13:05:09.445 +05:45  INF  Executed ViewResult - view login executed in 169.1184ms.
2025-09-19 13:05:09.462 +05:45  INF  Executed action HRMSmvc.Controllers.AuthController.Login (HRMSmvc) in 207.6054ms
2025-09-19 13:05:09.464 +05:45  INF  Executed endpoint 'HRMSmvc.Controllers.AuthController.Login (HRMSmvc)'
2025-09-19 13:05:09.494 +05:45  INF  Request finished HTTP/2 GET https://localhost:7189/ - 200 null text/html; charset=utf-8 486.688ms
2025-09-19 13:05:09.506 +05:45  INF  Request starting HTTP/2 GET https://localhost:7189/_framework/aspnetcore-browser-refresh.js - null null
2025-09-19 13:05:09.515 +05:45  INF  Request finished HTTP/2 GET https://localhost:7189/_framework/aspnetcore-browser-refresh.js - 200 16499 application/javascript; charset=utf-8 9.0449ms
2025-09-19 13:05:09.596 +05:45  INF  Request starting HTTP/2 GET https://localhost:7189/_vs/browserLink - null null
2025-09-19 13:05:09.657 +05:45  INF  Request finished HTTP/2 GET https://localhost:7189/_vs/browserLink - 200 null text/javascript; charset=UTF-8 60.093ms
2025-09-19 13:05:14.214 +05:45  INF  Request starting HTTP/2 POST https://localhost:7189/ - application/x-www-form-urlencoded; charset=UTF-8 224
2025-09-19 13:05:14.223 +05:45  INF  Executing endpoint 'HRMSmvc.Controllers.AuthController.LoginAsync (HRMSmvc)'
2025-09-19 13:05:14.269 +05:45  INF  Route matched with {action = "Login", controller = "Auth", area = ""}. Executing controller action with signature System.Threading.Tasks.Task`1[Microsoft.AspNetCore.Mvc.IActionResult] LoginAsync(Domain.DTO.LoginDTO) on controller HRMSmvc.Controllers.AuthController (HRMSmvc).
2025-09-19 13:05:17.575 +05:45  INF  AuthenticationScheme: Cookies signed in.
2025-09-19 13:05:17.579 +05:45  INF  Executing JsonResult, writing value of type 'Domain.Models.ApiResponse`1[[Domain.DTO.LoginResponseDto, Domain, Version=1.0.0.0, Culture=neutral, PublicKeyToken=null]]'.
2025-09-19 13:05:17.583 +05:45  INF  Executed action HRMSmvc.Controllers.AuthController.LoginAsync (HRMSmvc) in 3314.0677ms
2025-09-19 13:05:17.584 +05:45  INF  Executed endpoint 'HRMSmvc.Controllers.AuthController.LoginAsync (HRMSmvc)'
2025-09-19 13:05:17.584 +05:45  INF  Request finished HTTP/2 POST https://localhost:7189/ - 200 null application/json; charset=utf-8 3370.5758ms
2025-09-19 13:05:18.216 +05:45  INF  Request starting HTTP/2 GET https://localhost:7189/Admin/Dashboard/Index - null null
2025-09-19 13:05:18.239 +05:45  INF  Executing endpoint 'HRMSmvc.Areas.Admin.Controllers.DashboardController.Index (HRMSmvc)'
2025-09-19 13:05:18.244 +05:45  INF  Route matched with {area = "Admin", action = "Index", controller = "Dashboard"}. Executing controller action with signature System.Threading.Tasks.Task`1[Microsoft.AspNetCore.Mvc.IActionResult] Index() on controller HRMSmvc.Areas.Admin.Controllers.DashboardController (HRMSmvc).
2025-09-19 13:05:18.569 +05:45  INF  Executing ViewResult, running view Index.
2025-09-19 13:05:18.596 +05:45  INF  Executed ViewResult - view Index executed in 27.609ms.
2025-09-19 13:05:18.596 +05:45  INF  Executed action HRMSmvc.Areas.Admin.Controllers.DashboardController.Index (HRMSmvc) in 352.7294ms
2025-09-19 13:05:18.596 +05:45  INF  Executed endpoint 'HRMSmvc.Areas.Admin.Controllers.DashboardController.Index (HRMSmvc)'
2025-09-19 13:05:18.597 +05:45  INF  Request finished HTTP/2 GET https://localhost:7189/Admin/Dashboard/Index - 200 null text/html; charset=utf-8 380.8136ms
2025-09-19 13:05:18.634 +05:45  INF  Request starting HTTP/2 GET https://localhost:7189/_framework/aspnetcore-browser-refresh.js - null null
2025-09-19 13:05:18.636 +05:45  INF  Request finished HTTP/2 GET https://localhost:7189/_framework/aspnetcore-browser-refresh.js - 200 16499 application/javascript; charset=utf-8 1.5144ms
2025-09-19 13:05:18.644 +05:45  INF  Request starting HTTP/2 GET https://localhost:7189/_vs/browserLink - null null
2025-09-19 13:05:18.668 +05:45  INF  Request finished HTTP/2 GET https://localhost:7189/_vs/browserLink - 200 null text/javascript; charset=UTF-8 23.9648ms
2025-09-19 13:05:18.741 +05:45  INF  Request starting HTTP/2 GET https://localhost:7189/vendor/fonts/bootstrap-icons.woff2?dd67030699838ea613ee6dbda90effa6 - null null
2025-09-19 13:05:18.744 +05:45  INF  Request finished HTTP/2 GET https://localhost:7189/vendor/fonts/bootstrap-icons.woff2?dd67030699838ea613ee6dbda90effa6 - 404 0 null 2.8973ms
2025-09-19 13:05:18.745 +05:45  INF  Request reached the end of the middleware pipeline without being handled by application code. Request path: GET https://localhost:7189/vendor/fonts/bootstrap-icons.woff2, Response status code: 404
2025-09-19 13:05:18.760 +05:45  INF  Request starting HTTP/2 GET https://localhost:7189/vendor/fonts/bootstrap-icons.woff?dd67030699838ea613ee6dbda90effa6 - null null
2025-09-19 13:05:18.761 +05:45  INF  Request finished HTTP/2 GET https://localhost:7189/vendor/fonts/bootstrap-icons.woff?dd67030699838ea613ee6dbda90effa6 - 404 0 null 0.8477ms
2025-09-19 13:05:18.761 +05:45  INF  Request reached the end of the middleware pipeline without being handled by application code. Request path: GET https://localhost:7189/vendor/fonts/bootstrap-icons.woff, Response status code: 404
2025-09-19 13:05:22.639 +05:45  INF  Request starting HTTP/2 GET https://localhost:7189/Admin/Dashboard/Index - null null
2025-09-19 13:05:22.642 +05:45  INF  Executing endpoint 'HRMSmvc.Areas.Admin.Controllers.DashboardController.Index (HRMSmvc)'
2025-09-19 13:05:22.642 +05:45  INF  Route matched with {area = "Admin", action = "Index", controller = "Dashboard"}. Executing controller action with signature System.Threading.Tasks.Task`1[Microsoft.AspNetCore.Mvc.IActionResult] Index() on controller HRMSmvc.Areas.Admin.Controllers.DashboardController (HRMSmvc).
2025-09-19 13:05:22.678 +05:45  INF  Executing ViewResult, running view Index.
2025-09-19 13:05:22.680 +05:45  INF  Executed ViewResult - view Index executed in 2.6791ms.
2025-09-19 13:05:22.681 +05:45  INF  Executed action HRMSmvc.Areas.Admin.Controllers.DashboardController.Index (HRMSmvc) in 38.3965ms
2025-09-19 13:05:22.681 +05:45  INF  Executed endpoint 'HRMSmvc.Areas.Admin.Controllers.DashboardController.Index (HRMSmvc)'
2025-09-19 13:05:22.681 +05:45  INF  Request finished HTTP/2 GET https://localhost:7189/Admin/Dashboard/Index - 200 null text/html; charset=utf-8 42.0979ms
2025-09-19 13:05:22.698 +05:45  INF  Request starting HTTP/2 GET https://localhost:7189/_vs/browserLink - null null
2025-09-19 13:05:22.703 +05:45  INF  Request starting HTTP/2 GET https://localhost:7189/_framework/aspnetcore-browser-refresh.js - null null
2025-09-19 13:05:22.711 +05:45  INF  Request finished HTTP/2 GET https://localhost:7189/_framework/aspnetcore-browser-refresh.js - 200 16499 application/javascript; charset=utf-8 8.0966ms
2025-09-19 13:05:22.713 +05:45  INF  Request finished HTTP/2 GET https://localhost:7189/_vs/browserLink - 200 null text/javascript; charset=UTF-8 15.1755ms
2025-09-19 13:05:22.735 +05:45  INF  Request starting HTTP/2 GET https://localhost:7189/vendor/fonts/bootstrap-icons.woff2?dd67030699838ea613ee6dbda90effa6 - null null
2025-09-19 13:05:22.736 +05:45  INF  Request finished HTTP/2 GET https://localhost:7189/vendor/fonts/bootstrap-icons.woff2?dd67030699838ea613ee6dbda90effa6 - 404 0 null 1.2775ms
2025-09-19 13:05:22.737 +05:45  INF  Request reached the end of the middleware pipeline without being handled by application code. Request path: GET https://localhost:7189/vendor/fonts/bootstrap-icons.woff2, Response status code: 404
2025-09-19 13:05:22.751 +05:45  INF  Request starting HTTP/2 GET https://localhost:7189/vendor/fonts/bootstrap-icons.woff?dd67030699838ea613ee6dbda90effa6 - null null
2025-09-19 13:05:22.753 +05:45  INF  Request finished HTTP/2 GET https://localhost:7189/vendor/fonts/bootstrap-icons.woff?dd67030699838ea613ee6dbda90effa6 - 404 0 null 1.6613ms
2025-09-19 13:05:22.753 +05:45  INF  Request reached the end of the middleware pipeline without being handled by application code. Request path: GET https://localhost:7189/vendor/fonts/bootstrap-icons.woff, Response status code: 404
2025-09-19 13:05:24.555 +05:45  INF  Request starting HTTP/2 GET https://localhost:7189/Admin/Dashboard/CreateorEdit - null null
2025-09-19 13:05:24.563 +05:45  INF  Executing endpoint 'HRMSmvc.Areas.Admin.Controllers.DashboardController.CreateorEdit (HRMSmvc)'
2025-09-19 13:05:24.577 +05:45  INF  Route matched with {area = "Admin", action = "CreateorEdit", controller = "Dashboard"}. Executing controller action with signature System.Threading.Tasks.Task`1[Microsoft.AspNetCore.Mvc.IActionResult] CreateorEdit(System.String) on controller HRMSmvc.Areas.Admin.Controllers.DashboardController (HRMSmvc).
2025-09-19 13:05:24.591 +05:45  INF  Executing ViewResult, running view CreateorEdit.
2025-09-19 13:05:24.736 +05:45  INF  Executed ViewResult - view CreateorEdit executed in 147.4972ms.
2025-09-19 13:05:24.738 +05:45  INF  Executed action HRMSmvc.Areas.Admin.Controllers.DashboardController.CreateorEdit (HRMSmvc) in 160.4258ms
2025-09-19 13:05:24.740 +05:45  INF  Executed endpoint 'HRMSmvc.Areas.Admin.Controllers.DashboardController.CreateorEdit (HRMSmvc)'
2025-09-19 13:05:24.740 +05:45  INF  Request finished HTTP/2 GET https://localhost:7189/Admin/Dashboard/CreateorEdit - 200 null text/html; charset=utf-8 185.173ms
2025-09-19 13:05:24.819 +05:45  INF  Request starting HTTP/2 GET https://localhost:7189/_framework/aspnetcore-browser-refresh.js - null null
2025-09-19 13:05:24.822 +05:45  INF  Request finished HTTP/2 GET https://localhost:7189/_framework/aspnetcore-browser-refresh.js - 200 16499 application/javascript; charset=utf-8 3.0885ms
2025-09-19 13:05:24.825 +05:45  INF  Request starting HTTP/2 GET https://localhost:7189/_vs/browserLink - null null
2025-09-19 13:05:24.859 +05:45  INF  Request finished HTTP/2 GET https://localhost:7189/_vs/browserLink - 200 null text/javascript; charset=UTF-8 34.8487ms
2025-09-19 13:05:24.867 +05:45  INF  Request starting HTTP/2 GET https://localhost:7189/vendor/fonts/bootstrap-icons.woff2?dd67030699838ea613ee6dbda90effa6 - null null
2025-09-19 13:05:24.869 +05:45  INF  Request finished HTTP/2 GET https://localhost:7189/vendor/fonts/bootstrap-icons.woff2?dd67030699838ea613ee6dbda90effa6 - 404 0 null 2.3205ms
2025-09-19 13:05:24.869 +05:45  INF  Request reached the end of the middleware pipeline without being handled by application code. Request path: GET https://localhost:7189/vendor/fonts/bootstrap-icons.woff2, Response status code: 404
2025-09-19 13:05:24.903 +05:45  INF  Request starting HTTP/2 GET https://localhost:7189/vendor/fonts/bootstrap-icons.woff?dd67030699838ea613ee6dbda90effa6 - null null
2025-09-19 13:05:24.905 +05:45  INF  Request finished HTTP/2 GET https://localhost:7189/vendor/fonts/bootstrap-icons.woff?dd67030699838ea613ee6dbda90effa6 - 404 0 null 2.2274ms
2025-09-19 13:05:24.906 +05:45  INF  Request reached the end of the middleware pipeline without being handled by application code. Request path: GET https://localhost:7189/vendor/fonts/bootstrap-icons.woff, Response status code: 404
2025-09-19 13:05:26.663 +05:45  INF  Request starting HTTP/2 GET https://localhost:7189/Admin/Dashboard/Index - null null
2025-09-19 13:05:26.665 +05:45  INF  Executing endpoint 'HRMSmvc.Areas.Admin.Controllers.DashboardController.Index (HRMSmvc)'
2025-09-19 13:05:26.665 +05:45  INF  Route matched with {area = "Admin", action = "Index", controller = "Dashboard"}. Executing controller action with signature System.Threading.Tasks.Task`1[Microsoft.AspNetCore.Mvc.IActionResult] Index() on controller HRMSmvc.Areas.Admin.Controllers.DashboardController (HRMSmvc).
2025-09-19 13:05:26.692 +05:45  INF  Executing ViewResult, running view Index.
2025-09-19 13:05:26.694 +05:45  INF  Executed ViewResult - view Index executed in 1.8564ms.
2025-09-19 13:05:26.694 +05:45  INF  Executed action HRMSmvc.Areas.Admin.Controllers.DashboardController.Index (HRMSmvc) in 29.4287ms
2025-09-19 13:05:26.694 +05:45  INF  Executed endpoint 'HRMSmvc.Areas.Admin.Controllers.DashboardController.Index (HRMSmvc)'
2025-09-19 13:05:26.695 +05:45  INF  Request finished HTTP/2 GET https://localhost:7189/Admin/Dashboard/Index - 200 null text/html; charset=utf-8 31.9027ms
2025-09-19 13:05:26.712 +05:45  INF  Request starting HTTP/2 GET https://localhost:7189/_vs/browserLink - null null
2025-09-19 13:05:26.716 +05:45  INF  Request starting HTTP/2 GET https://localhost:7189/_framework/aspnetcore-browser-refresh.js - null null
2025-09-19 13:05:26.718 +05:45  INF  Request finished HTTP/2 GET https://localhost:7189/_framework/aspnetcore-browser-refresh.js - 200 16499 application/javascript; charset=utf-8 1.2431ms
2025-09-19 13:05:26.721 +05:45  INF  Request finished HTTP/2 GET https://localhost:7189/_vs/browserLink - 200 null text/javascript; charset=UTF-8 8.6133ms
2025-09-19 13:05:26.750 +05:45  INF  Request starting HTTP/2 GET https://localhost:7189/vendor/fonts/bootstrap-icons.woff2?dd67030699838ea613ee6dbda90effa6 - null null
2025-09-19 13:05:26.751 +05:45  INF  Request finished HTTP/2 GET https://localhost:7189/vendor/fonts/bootstrap-icons.woff2?dd67030699838ea613ee6dbda90effa6 - 404 0 null 0.847ms
2025-09-19 13:05:26.751 +05:45  INF  Request reached the end of the middleware pipeline without being handled by application code. Request path: GET https://localhost:7189/vendor/fonts/bootstrap-icons.woff2, Response status code: 404
2025-09-19 13:05:26.762 +05:45  INF  Request starting HTTP/2 GET https://localhost:7189/vendor/fonts/bootstrap-icons.woff?dd67030699838ea613ee6dbda90effa6 - null null
2025-09-19 13:05:26.763 +05:45  INF  Request finished HTTP/2 GET https://localhost:7189/vendor/fonts/bootstrap-icons.woff?dd67030699838ea613ee6dbda90effa6 - 404 0 null 1.4074ms
2025-09-19 13:05:26.763 +05:45  INF  Request reached the end of the middleware pipeline without being handled by application code. Request path: GET https://localhost:7189/vendor/fonts/bootstrap-icons.woff, Response status code: 404
2025-09-19 13:35:08.991 +05:45  INF  User profile is available. Using 'C:\Users\ASUS\AppData\Local\ASP.NET\DataProtection-Keys' as key repository and Windows DPAPI to encrypt keys at rest.
2025-09-19 13:35:09.170 +05:45  INF  Now listening on: https://localhost:7189
2025-09-19 13:35:09.170 +05:45  INF  Now listening on: http://localhost:5227
2025-09-19 13:35:09.221 +05:45  INF  Application started. Press Ctrl+C to shut down.
2025-09-19 13:35:09.222 +05:45  INF  Hosting environment: Development
2025-09-19 13:35:09.222 +05:45  INF  Content root path: C:\Users\ASUS\Desktop\HRMS\HRMSmvc
2025-09-19 13:35:10.519 +05:45  INF  Request starting HTTP/2 GET https://localhost:7189/ - null null
2025-09-19 13:35:10.737 +05:45  INF  Executing endpoint 'HRMSmvc.Controllers.AuthController.Login (HRMSmvc)'
2025-09-19 13:35:10.800 +05:45  INF  Route matched with {action = "Login", controller = "Auth", area = ""}. Executing controller action with signature Microsoft.AspNetCore.Mvc.IActionResult Login() on controller HRMSmvc.Controllers.AuthController (HRMSmvc).
2025-09-19 13:35:10.821 +05:45  INF  Executing ViewResult, running view login.
2025-09-19 13:35:10.970 +05:45  INF  Executed ViewResult - view login executed in 151.8819ms.
2025-09-19 13:35:10.979 +05:45  INF  Executed action HRMSmvc.Controllers.AuthController.Login (HRMSmvc) in 176.6554ms
2025-09-19 13:35:10.980 +05:45  INF  Executed endpoint 'HRMSmvc.Controllers.AuthController.Login (HRMSmvc)'
2025-09-19 13:35:10.989 +05:45  INF  Request finished HTTP/2 GET https://localhost:7189/ - 200 null text/html; charset=utf-8 472.7463ms
2025-09-19 13:35:11.099 +05:45  INF  Request starting HTTP/2 GET https://localhost:7189/_framework/aspnetcore-browser-refresh.js - null null
2025-09-19 13:35:11.099 +05:45  INF  Request starting HTTP/2 GET https://localhost:7189/js/main.js - null null
2025-09-19 13:35:11.103 +05:45  INF  Request finished HTTP/2 GET https://localhost:7189/_framework/aspnetcore-browser-refresh.js - 200 16499 application/javascript; charset=utf-8 4.4885ms
2025-09-19 13:35:11.105 +05:45  INF  The file /js/main.js was not modified
2025-09-19 13:35:11.105 +05:45  INF  Request finished HTTP/2 GET https://localhost:7189/js/main.js - 304 null text/javascript 6.5652ms
2025-09-19 13:35:11.108 +05:45  INF  Request starting HTTP/2 GET https://localhost:7189/_vs/browserLink - null null
2025-09-19 13:35:11.147 +05:45  INF  Request finished HTTP/2 GET https://localhost:7189/_vs/browserLink - 200 null text/javascript; charset=UTF-8 38.4857ms
2025-09-19 13:37:59.857 +05:45  INF  User profile is available. Using 'C:\Users\ASUS\AppData\Local\ASP.NET\DataProtection-Keys' as key repository and Windows DPAPI to encrypt keys at rest.
2025-09-19 13:38:00.062 +05:45  INF  Now listening on: https://localhost:7189
2025-09-19 13:38:00.063 +05:45  INF  Now listening on: http://localhost:5227
2025-09-19 13:38:00.136 +05:45  INF  Application started. Press Ctrl+C to shut down.
2025-09-19 13:38:00.136 +05:45  INF  Hosting environment: Development
2025-09-19 13:38:00.136 +05:45  INF  Content root path: C:\Users\ASUS\Desktop\HRMS\HRMSmvc
2025-09-19 13:38:01.050 +05:45  INF  Request starting HTTP/2 GET https://localhost:7189/ - null null
2025-09-19 13:38:01.196 +05:45  INF  Executing endpoint 'HRMSmvc.Controllers.AuthController.Login (HRMSmvc)'
2025-09-19 13:38:01.262 +05:45  INF  Route matched with {action = "Login", controller = "Auth", area = ""}. Executing controller action with signature Microsoft.AspNetCore.Mvc.IActionResult Login() on controller HRMSmvc.Controllers.AuthController (HRMSmvc).
2025-09-19 13:38:01.286 +05:45  INF  Executing ViewResult, running view login.
2025-09-19 13:38:01.420 +05:45  INF  Executed ViewResult - view login executed in 136.4849ms.
2025-09-19 13:38:01.429 +05:45  INF  Executed action HRMSmvc.Controllers.AuthController.Login (HRMSmvc) in 166.6211ms
2025-09-19 13:38:01.431 +05:45  INF  Executed endpoint 'HRMSmvc.Controllers.AuthController.Login (HRMSmvc)'
2025-09-19 13:38:01.441 +05:45  INF  Request finished HTTP/2 GET https://localhost:7189/ - 200 null text/html; charset=utf-8 394.8111ms
2025-09-19 13:38:01.455 +05:45  INF  Request starting HTTP/2 GET https://localhost:7189/_framework/aspnetcore-browser-refresh.js - null null
2025-09-19 13:38:01.469 +05:45  INF  Request finished HTTP/2 GET https://localhost:7189/_framework/aspnetcore-browser-refresh.js - 200 16499 application/javascript; charset=utf-8 13.3145ms
2025-09-19 13:38:01.499 +05:45  INF  Request starting HTTP/2 GET https://localhost:7189/_vs/browserLink - null null
2025-09-19 13:38:01.551 +05:45  INF  Request finished HTTP/2 GET https://localhost:7189/_vs/browserLink - 200 null text/javascript; charset=UTF-8 52.5835ms
2025-09-19 13:38:05.177 +05:45  INF  Request starting HTTP/2 POST https://localhost:7189/ - application/x-www-form-urlencoded; charset=UTF-8 224
2025-09-19 13:38:05.179 +05:45  INF  Executing endpoint 'HRMSmvc.Controllers.AuthController.LoginAsync (HRMSmvc)'
2025-09-19 13:38:05.196 +05:45  INF  Route matched with {action = "Login", controller = "Auth", area = ""}. Executing controller action with signature System.Threading.Tasks.Task`1[Microsoft.AspNetCore.Mvc.IActionResult] LoginAsync(Domain.DTO.LoginDTO) on controller HRMSmvc.Controllers.AuthController (HRMSmvc).
2025-09-19 13:38:08.124 +05:45  INF  AuthenticationScheme: Cookies signed in.
2025-09-19 13:38:08.127 +05:45  INF  Executing JsonResult, writing value of type 'Domain.Models.ApiResponse`1[[Domain.DTO.LoginResponseDto, Domain, Version=1.0.0.0, Culture=neutral, PublicKeyToken=null]]'.
2025-09-19 13:38:08.130 +05:45  INF  Executed action HRMSmvc.Controllers.AuthController.LoginAsync (HRMSmvc) in 2934.0398ms
2025-09-19 13:38:08.131 +05:45  INF  Executed endpoint 'HRMSmvc.Controllers.AuthController.LoginAsync (HRMSmvc)'
2025-09-19 13:38:08.131 +05:45  INF  Request finished HTTP/2 POST https://localhost:7189/ - 200 null application/json; charset=utf-8 2953.9021ms
2025-09-19 13:38:08.836 +05:45  INF  Request starting HTTP/2 GET https://localhost:7189/Admin/Dashboard/Index - null null
2025-09-19 13:38:08.852 +05:45  INF  Executing endpoint 'HRMSmvc.Areas.Admin.Controllers.DashboardController.Index (HRMSmvc)'
2025-09-19 13:38:08.859 +05:45  INF  Route matched with {area = "Admin", action = "Index", controller = "Dashboard"}. Executing controller action with signature System.Threading.Tasks.Task`1[Microsoft.AspNetCore.Mvc.IActionResult] Index() on controller HRMSmvc.Areas.Admin.Controllers.DashboardController (HRMSmvc).
2025-09-19 13:38:09.213 +05:45  INF  Executing ViewResult, running view Index.
2025-09-19 13:38:09.246 +05:45  INF  Executed ViewResult - view Index executed in 33.727ms.
2025-09-19 13:38:09.246 +05:45  INF  Executed action HRMSmvc.Areas.Admin.Controllers.DashboardController.Index (HRMSmvc) in 387.0608ms
2025-09-19 13:38:09.246 +05:45  INF  Executed endpoint 'HRMSmvc.Areas.Admin.Controllers.DashboardController.Index (HRMSmvc)'
2025-09-19 13:38:09.247 +05:45  INF  Request finished HTTP/2 GET https://localhost:7189/Admin/Dashboard/Index - 200 null text/html; charset=utf-8 410.0172ms
2025-09-19 13:38:09.283 +05:45  INF  Request starting HTTP/2 GET https://localhost:7189/_framework/aspnetcore-browser-refresh.js - null null
2025-09-19 13:38:09.283 +05:45  INF  Request starting HTTP/2 GET https://localhost:7189/_vs/browserLink - null null
2025-09-19 13:38:09.285 +05:45  INF  Request finished HTTP/2 GET https://localhost:7189/_framework/aspnetcore-browser-refresh.js - 200 16499 application/javascript; charset=utf-8 1.4418ms
2025-09-19 13:38:09.316 +05:45  INF  Request finished HTTP/2 GET https://localhost:7189/_vs/browserLink - 200 null text/javascript; charset=UTF-8 32.5201ms
2025-09-19 13:38:09.334 +05:45  INF  Request starting HTTP/2 GET https://localhost:7189/vendor/fonts/bootstrap-icons.woff2?dd67030699838ea613ee6dbda90effa6 - null null
2025-09-19 13:38:09.339 +05:45  INF  Request finished HTTP/2 GET https://localhost:7189/vendor/fonts/bootstrap-icons.woff2?dd67030699838ea613ee6dbda90effa6 - 404 0 null 4.1198ms
2025-09-19 13:38:09.340 +05:45  INF  Request reached the end of the middleware pipeline without being handled by application code. Request path: GET https://localhost:7189/vendor/fonts/bootstrap-icons.woff2, Response status code: 404
2025-09-19 13:38:09.358 +05:45  INF  Request starting HTTP/2 GET https://localhost:7189/vendor/fonts/bootstrap-icons.woff?dd67030699838ea613ee6dbda90effa6 - null null
2025-09-19 13:38:09.360 +05:45  INF  Request finished HTTP/2 GET https://localhost:7189/vendor/fonts/bootstrap-icons.woff?dd67030699838ea613ee6dbda90effa6 - 404 0 null 1.3645ms
2025-09-19 13:38:09.360 +05:45  INF  Request reached the end of the middleware pipeline without being handled by application code. Request path: GET https://localhost:7189/vendor/fonts/bootstrap-icons.woff, Response status code: 404
